This is pdfTeX, Version 3.141592653-2.6-1.40.24 (TeX Live 2022) (preloaded format=pdflatex 2022.7.3)  27 AUG 2022 13:05
entering extended mode
 restricted \write18 enabled.
 %&-line parsing enabled.
**analysis.tex
(./analysis.tex
LaTeX2e <2021-11-15> patch level 1
L3 programming layer <2022-02-24>
! Undefined control sequence.
l.1 \chapter
            {–ê–Ω–∞–ª–∏—Ç–∏—á–µ—Å–∫–∞—è —á–∞—Å—Ç—å}
The control sequence at the end of the top line
of your error message was never \def'ed. If you have
misspelled it (e.g., `\hobx'), type `I' and the correct
spelling (e.g., `I\hbox'). Otherwise just continue,
and I'll forget about whatever was undefined.


! LaTeX Error: Unicode character –ê (U+0410)
               not set up for use with LaTeX.

See the LaTeX manual or LaTeX Companion for explanation.
Type  H <return>  for immediate help.
 ...                                              
                                                  
l.1 \chapter{–ê
               –Ω–∞–ª–∏—Ç–∏—á–µ—Å–∫–∞—è —á–∞—Å—Ç—å}
You may provide a definition with
\DeclareUnicodeCharacter 


! LaTeX Error: Unicode character –Ω (U+043D)
               not set up for use with LaTeX.

See the LaTeX manual or LaTeX Companion for explanation.
Type  H <return>  for immediate help.
 ...                                              
                                                  
l.1 \chapter{–ê–Ω
                 –∞–ª–∏—Ç–∏—á–µ—Å–∫–∞—è —á–∞—Å—Ç—å}
You may provide a definition with
\DeclareUnicodeCharacter 


! LaTeX Error: Unicode character –∞ (U+0430)
               not set up for use with LaTeX.

See the LaTeX manual or LaTeX Companion for explanation.
Type  H <return>  for immediate help.
 ...                                              
                                                  
l.1 \chapter{–ê–Ω–∞
                   –ª–∏—Ç–∏—á–µ—Å–∫–∞—è —á–∞—Å—Ç—å}
You may provide a definition with
\DeclareUnicodeCharacter 


! LaTeX Error: Unicode character –ª (U+043B)
               not set up for use with LaTeX.

See the LaTeX manual or LaTeX Companion for explanation.
Type  H <return>  for immediate help.
 ...                                              
                                                  
l.1 \chapter{–ê–Ω–∞–ª
                     –∏—Ç–∏—á–µ—Å–∫–∞—è —á–∞—Å—Ç—å}
You may provide a definition with
\DeclareUnicodeCharacter 


! LaTeX Error: Unicode character –∏ (U+0438)
               not set up for use with LaTeX.

See the LaTeX manual or LaTeX Companion for explanation.
Type  H <return>  for immediate help.
 ...                                              
                                                  
l.1 \chapter{–ê–Ω–∞–ª–∏
                       —Ç–∏—á–µ—Å–∫–∞—è —á–∞—Å—Ç—å}
You may provide a definition with
\DeclareUnicodeCharacter 


! LaTeX Error: Unicode character —Ç (U+0442)
               not set up for use with LaTeX.

See the LaTeX manual or LaTeX Companion for explanation.
Type  H <return>  for immediate help.
 ...                                              
                                                  
l.1 \chapter{–ê–Ω–∞–ª–∏—Ç
                         –∏—á–µ—Å–∫–∞—è —á–∞—Å—Ç—å}
You may provide a definition with
\DeclareUnicodeCharacter 


! LaTeX Error: Unicode character –∏ (U+0438)
               not set up for use with LaTeX.

See the LaTeX manual or LaTeX Companion for explanation.
Type  H <return>  for immediate help.
 ...                                              
                                                  
l.1 \chapter{–ê–Ω–∞–ª–∏—Ç–∏
                           —á–µ—Å–∫–∞—è —á–∞—Å—Ç—å}
You may provide a definition with
\DeclareUnicodeCharacter 


! LaTeX Error: Unicode character —á (U+0447)
               not set up for use with LaTeX.

See the LaTeX manual or LaTeX Companion for explanation.
Type  H <return>  for immediate help.
 ...                                              
                                                  
l.1 \chapter{–ê–Ω–∞–ª–∏—Ç–∏—á
                             –µ—Å–∫–∞—è —á–∞—Å—Ç—å}
You may provide a definition with
\DeclareUnicodeCharacter 


! LaTeX Error: Unicode character –µ (U+0435)
               not set up for use with LaTeX.

See the LaTeX manual or LaTeX Companion for explanation.
Type  H <return>  for immediate help.
 ...                                              
                                                  
l.1 \chapter{–ê–Ω–∞–ª–∏—Ç–∏—á–µ
                               —Å–∫–∞—è —á–∞—Å—Ç—å}
You may provide a definition with
\DeclareUnicodeCharacter 


! LaTeX Error: Unicode character —Å (U+0441)
               not set up for use with LaTeX.

See the LaTeX manual or LaTeX Companion for explanation.
Type  H <return>  for immediate help.
 ...                                              
                                                  
l.1 \chapter{–ê–Ω–∞–ª–∏—Ç–∏—á–µ—Å
                                 –∫–∞—è —á–∞—Å—Ç—å}
You may provide a definition with
\DeclareUnicodeCharacter 


! LaTeX Error: Unicode character –∫ (U+043A)
               not set up for use with LaTeX.

See the LaTeX manual or LaTeX Companion for explanation.
Type  H <return>  for immediate help.
 ...                                              
                                                  
l.1 \chapter{–ê–Ω–∞–ª–∏—Ç–∏—á–µ—Å–∫
                                   –∞—è —á–∞—Å—Ç—å}
You may provide a definition with
\DeclareUnicodeCharacter 


! LaTeX Error: Unicode character –∞ (U+0430)
               not set up for use with LaTeX.

See the LaTeX manual or LaTeX Companion for explanation.
Type  H <return>  for immediate help.
 ...                                              
                                                  
l.1 \chapter{–ê–Ω–∞–ª–∏—Ç–∏—á–µ—Å–∫–∞
                                     —è —á–∞—Å—Ç—å}
You may provide a definition with
\DeclareUnicodeCharacter 


! LaTeX Error: Unicode character —è (U+044F)
               not set up for use with LaTeX.

See the LaTeX manual or LaTeX Companion for explanation.
Type  H <return>  for immediate help.
 ...                                              
                                                  
l.1 \chapter{–ê–Ω–∞–ª–∏—Ç–∏—á–µ—Å–∫–∞—è
                                        —á–∞—Å—Ç—å}
You may provide a definition with
\DeclareUnicodeCharacter 


! LaTeX Error: Unicode character —á (U+0447)
               not set up for use with LaTeX.

See the LaTeX manual or LaTeX Companion for explanation.
Type  H <return>  for immediate help.
 ...                                              
                                                  
l.1 \chapter{–ê–Ω–∞–ª–∏—Ç–∏—á–µ—Å–∫–∞—è —á
                                          –∞—Å—Ç—å}
You may provide a definition with
\DeclareUnicodeCharacter 


! LaTeX Error: Unicode character –∞ (U+0430)
               not set up for use with LaTeX.

See the LaTeX manual or LaTeX Companion for explanation.
Type  H <return>  for immediate help.
 ...                                              
                                                  
l.1 \chapter{–ê–Ω–∞–ª–∏—Ç–∏—á–µ—Å–∫–∞—è —á–∞
                                            —Å—Ç—å}
You may provide a definition with
\DeclareUnicodeCharacter 


! LaTeX Error: Unicode character —Å (U+0441)
               not set up for use with LaTeX.

See the LaTeX manual or LaTeX Companion for explanation.
Type  H <return>  for immediate help.
 ...                                              
                                                  
l.1 \chapter{–ê–Ω–∞–ª–∏—Ç–∏—á–µ—Å–∫–∞—è —á–∞—Å
                                              —Ç—å}
You may provide a definition with
\DeclareUnicodeCharacter 


! LaTeX Error: Unicode character —Ç (U+0442)
               not set up for use with LaTeX.

See the LaTeX manual or LaTeX Companion for explanation.
Type  H <return>  for immediate help.
 ...                                              
                                                  
l.1 \chapter{–ê–Ω–∞–ª–∏—Ç–∏—á–µ—Å–∫–∞—è —á–∞—Å—Ç
                                                —å}
You may provide a definition with
\DeclareUnicodeCharacter 


! LaTeX Error: Unicode character —å (U+044C)
               not set up for use with LaTeX.

See the LaTeX manual or LaTeX Companion for explanation.
Type  H <return>  for immediate help.
 ...                                              
                                                  
l.1 \chapter{–ê–Ω–∞–ª–∏—Ç–∏—á–µ—Å–∫–∞—è —á–∞—Å—Ç—å
                                                  }
You may provide a definition with
\DeclareUnicodeCharacter 

! Undefined control sequence.
l.3 \section
            {–ü–æ–Ω—è—Ç–∏–µ –±—Ä–æ—É–Ω–æ–≤—Å–∫–æ–≥–æ –¥–≤–∏–∂–µ–Ω–∏—è}
The control sequence at the end of the top line
of your error message was never \def'ed. If you have
misspelled it (e.g., `\hobx'), type `I' and the correct
spelling (e.g., `I\hbox'). Otherwise just continue,
and I'll forget about whatever was undefined.


! LaTeX Error: Unicode character –ü (U+041F)
               not set up for use with LaTeX.

See the LaTeX manual or LaTeX Companion for explanation.
Type  H <return>  for immediate help.
 ...                                              
                                                  
l.3 \section{–ü
               –æ–Ω—è—Ç–∏–µ –±—Ä–æ—É–Ω–æ–≤—Å–∫–æ–≥–æ –¥–≤–∏–∂–µ–Ω–∏—è}
You may provide a definition with
\DeclareUnicodeCharacter 


! LaTeX Error: Unicode character –æ (U+043E)
               not set up for use with LaTeX.

See the LaTeX manual or LaTeX Companion for explanation.
Type  H <return>  for immediate help.
 ...                                              
                                                  
l.3 \section{–ü–æ
                 –Ω—è—Ç–∏–µ –±—Ä–æ—É–Ω–æ–≤—Å–∫–æ–≥–æ –¥–≤–∏–∂–µ–Ω–∏—è}
You may provide a definition with
\DeclareUnicodeCharacter 


! LaTeX Error: Unicode character –Ω (U+043D)
               not set up for use with LaTeX.

See the LaTeX manual or LaTeX Companion for explanation.
Type  H <return>  for immediate help.
 ...                                              
                                                  
l.3 \section{–ü–æ–Ω
                   —è—Ç–∏–µ –±—Ä–æ—É–Ω–æ–≤—Å–∫–æ–≥–æ –¥–≤–∏–∂–µ–Ω–∏—è}
You may provide a definition with
\DeclareUnicodeCharacter 


! LaTeX Error: Unicode character —è (U+044F)
               not set up for use with LaTeX.

See the LaTeX manual or LaTeX Companion for explanation.
Type  H <return>  for immediate help.
 ...                                              
                                                  
l.3 \section{–ü–æ–Ω—è
                     —Ç–∏–µ –±—Ä–æ—É–Ω–æ–≤—Å–∫–æ–≥–æ –¥–≤–∏–∂–µ–Ω–∏—è}
You may provide a definition with
\DeclareUnicodeCharacter 


! LaTeX Error: Unicode character —Ç (U+0442)
               not set up for use with LaTeX.

See the LaTeX manual or LaTeX Companion for explanation.
Type  H <return>  for immediate help.
 ...                                              
                                                  
l.3 \section{–ü–æ–Ω—è—Ç
                       –∏–µ –±—Ä–æ—É–Ω–æ–≤—Å–∫–æ–≥–æ –¥–≤–∏–∂–µ–Ω–∏—è}
You may provide a definition with
\DeclareUnicodeCharacter 


! LaTeX Error: Unicode character –∏ (U+0438)
               not set up for use with LaTeX.

See the LaTeX manual or LaTeX Companion for explanation.
Type  H <return>  for immediate help.
 ...                                              
                                                  
l.3 \section{–ü–æ–Ω—è—Ç–∏
                         –µ –±—Ä–æ—É–Ω–æ–≤—Å–∫–æ–≥–æ –¥–≤–∏–∂–µ–Ω–∏—è}
You may provide a definition with
\DeclareUnicodeCharacter 


! LaTeX Error: Unicode character –µ (U+0435)
               not set up for use with LaTeX.

See the LaTeX manual or LaTeX Companion for explanation.
Type  H <return>  for immediate help.
 ...                                              
                                                  
l.3 \section{–ü–æ–Ω—è—Ç–∏–µ
                            –±—Ä–æ—É–Ω–æ–≤—Å–∫–æ–≥–æ –¥–≤–∏–∂–µ–Ω–∏—è}
You may provide a definition with
\DeclareUnicodeCharacter 


! LaTeX Error: Unicode character –± (U+0431)
               not set up for use with LaTeX.

See the LaTeX manual or LaTeX Companion for explanation.
Type  H <return>  for immediate help.
 ...                                              
                                                  
l.3 \section{–ü–æ–Ω—è—Ç–∏–µ –±
                              —Ä–æ—É–Ω–æ–≤—Å–∫–æ–≥–æ –¥–≤–∏–∂–µ–Ω–∏—è}
You may provide a definition with
\DeclareUnicodeCharacter 


! LaTeX Error: Unicode character —Ä (U+0440)
               not set up for use with LaTeX.

See the LaTeX manual or LaTeX Companion for explanation.
Type  H <return>  for immediate help.
 ...                                              
                                                  
l.3 \section{–ü–æ–Ω—è—Ç–∏–µ –±—Ä
                                –æ—É–Ω–æ–≤—Å–∫–æ–≥–æ –¥–≤–∏–∂–µ–Ω–∏—è}
You may provide a definition with
\DeclareUnicodeCharacter 


! LaTeX Error: Unicode character –æ (U+043E)
               not set up for use with LaTeX.

See the LaTeX manual or LaTeX Companion for explanation.
Type  H <return>  for immediate help.
 ...                                              
                                                  
l.3 \section{–ü–æ–Ω—è—Ç–∏–µ –±—Ä–æ
                                  —É–Ω–æ–≤—Å–∫–æ–≥–æ –¥–≤–∏–∂–µ–Ω–∏—è}
You may provide a definition with
\DeclareUnicodeCharacter 


! LaTeX Error: Unicode character —É (U+0443)
               not set up for use with LaTeX.

See the LaTeX manual or LaTeX Companion for explanation.
Type  H <return>  for immediate help.
 ...                                              
                                                  
l.3 \section{–ü–æ–Ω—è—Ç–∏–µ –±—Ä–æ—É
                                    –Ω–æ–≤—Å–∫–æ–≥–æ –¥–≤–∏–∂–µ–Ω–∏—è}
You may provide a definition with
\DeclareUnicodeCharacter 


! LaTeX Error: Unicode character –Ω (U+043D)
               not set up for use with LaTeX.

See the LaTeX manual or LaTeX Companion for explanation.
Type  H <return>  for immediate help.
 ...                                              
                                                  
l.3 \section{–ü–æ–Ω—è—Ç–∏–µ –±—Ä–æ—É–Ω
                                      –æ–≤—Å–∫–æ–≥–æ –¥–≤–∏–∂–µ–Ω–∏—è}
You may provide a definition with
\DeclareUnicodeCharacter 


! LaTeX Error: Unicode character –æ (U+043E)
               not set up for use with LaTeX.

See the LaTeX manual or LaTeX Companion for explanation.
Type  H <return>  for immediate help.
 ...                                              
                                                  
l.3 \section{–ü–æ–Ω—è—Ç–∏–µ –±—Ä–æ—É–Ω–æ
                                        –≤—Å–∫–æ–≥–æ –¥–≤–∏–∂–µ–Ω–∏—è}
You may provide a definition with
\DeclareUnicodeCharacter 


! LaTeX Error: Unicode character –≤ (U+0432)
               not set up for use with LaTeX.

See the LaTeX manual or LaTeX Companion for explanation.
Type  H <return>  for immediate help.
 ...                                              
                                                  
l.3 \section{–ü–æ–Ω—è—Ç–∏–µ –±—Ä–æ—É–Ω–æ–≤
                                          —Å–∫–æ–≥–æ –¥–≤–∏–∂–µ–Ω–∏—è}
You may provide a definition with
\DeclareUnicodeCharacter 


! LaTeX Error: Unicode character —Å (U+0441)
               not set up for use with LaTeX.

See the LaTeX manual or LaTeX Companion for explanation.
Type  H <return>  for immediate help.
 ...                                              
                                                  
l.3 \section{–ü–æ–Ω—è—Ç–∏–µ –±—Ä–æ—É–Ω–æ–≤—Å
                                            –∫–æ–≥–æ –¥–≤–∏–∂–µ–Ω–∏—è}
You may provide a definition with
\DeclareUnicodeCharacter 


! LaTeX Error: Unicode character –∫ (U+043A)
               not set up for use with LaTeX.

See the LaTeX manual or LaTeX Companion for explanation.
Type  H <return>  for immediate help.
 ...                                              
                                                  
l.3 \section{–ü–æ–Ω—è—Ç–∏–µ –±—Ä–æ—É–Ω–æ–≤—Å–∫
                                              –æ–≥–æ –¥–≤–∏–∂–µ–Ω–∏—è}
You may provide a definition with
\DeclareUnicodeCharacter 


! LaTeX Error: Unicode character –æ (U+043E)
               not set up for use with LaTeX.

See the LaTeX manual or LaTeX Companion for explanation.
Type  H <return>  for immediate help.
 ...                                              
                                                  
l.3 \section{–ü–æ–Ω—è—Ç–∏–µ –±—Ä–æ—É–Ω–æ–≤—Å–∫–æ
                                                –≥–æ –¥–≤–∏–∂–µ–Ω–∏—è}
You may provide a definition with
\DeclareUnicodeCharacter 


! LaTeX Error: Unicode character –≥ (U+0433)
               not set up for use with LaTeX.

See the LaTeX manual or LaTeX Companion for explanation.
Type  H <return>  for immediate help.
 ...                                              
                                                  
l.3 \section{–ü–æ–Ω—è—Ç–∏–µ –±—Ä–æ—É–Ω–æ–≤—Å–∫–æ–≥
                                                  –æ –¥–≤–∏–∂–µ–Ω–∏—è}
You may provide a definition with
\DeclareUnicodeCharacter 


! LaTeX Error: Unicode character –æ (U+043E)
               not set up for use with LaTeX.

See the LaTeX manual or LaTeX Companion for explanation.
Type  H <return>  for immediate help.
 ...                                              
                                                  
l.3 ...ion{–ü–æ–Ω—è—Ç–∏–µ –±—Ä–æ—É–Ω–æ–≤—Å–∫–æ–≥–æ
                                                   –¥–≤–∏–∂–µ–Ω–∏—è}
You may provide a definition with
\DeclareUnicodeCharacter 


! LaTeX Error: Unicode character –¥ (U+0434)
               not set up for use with LaTeX.

See the LaTeX manual or LaTeX Companion for explanation.
Type  H <return>  for immediate help.
 ...                                              
                                                  
l.3 ...{–ü–æ–Ω—è—Ç–∏–µ –±—Ä–æ—É–Ω–æ–≤—Å–∫–æ–≥–æ –¥
                                                  –≤–∏–∂–µ–Ω–∏—è}
You may provide a definition with
\DeclareUnicodeCharacter 


! LaTeX Error: Unicode character –≤ (U+0432)
               not set up for use with LaTeX.

See the LaTeX manual or LaTeX Companion for explanation.
Type  H <return>  for immediate help.
 ...                                              
                                                  
l.3 ...ü–æ–Ω—è—Ç–∏–µ –±—Ä–æ—É–Ω–æ–≤—Å–∫–æ–≥–æ –¥–≤
                                                  –∏–∂–µ–Ω–∏—è}
You may provide a definition with
\DeclareUnicodeCharacter 


! LaTeX Error: Unicode character –∏ (U+0438)
               not set up for use with LaTeX.

See the LaTeX manual or LaTeX Companion for explanation.
Type  H <return>  for immediate help.
 ...                                              
                                                  
l.3 ...æ–Ω—è—Ç–∏–µ –±—Ä–æ—É–Ω–æ–≤—Å–∫–æ–≥–æ –¥–≤–∏
                                                  –∂–µ–Ω–∏—è}
You may provide a definition with
\DeclareUnicodeCharacter 


! LaTeX Error: Unicode character –∂ (U+0436)
               not set up for use with LaTeX.

See the LaTeX manual or LaTeX Companion for explanation.
Type  H <return>  for immediate help.
 ...                                              
                                                  
l.3 ...Ω—è—Ç–∏–µ –±—Ä–æ—É–Ω–æ–≤—Å–∫–æ–≥–æ –¥–≤–∏–∂
                                                  –µ–Ω–∏—è}
You may provide a definition with
\DeclareUnicodeCharacter 


! LaTeX Error: Unicode character –µ (U+0435)
               not set up for use with LaTeX.

See the LaTeX manual or LaTeX Companion for explanation.
Type  H <return>  for immediate help.
 ...                                              
                                                  
l.3 ...è—Ç–∏–µ –±—Ä–æ—É–Ω–æ–≤—Å–∫–æ–≥–æ –¥–≤–∏–∂–µ
                                                  –Ω–∏—è}
You may provide a definition with
\DeclareUnicodeCharacter 


! LaTeX Error: Unicode character –Ω (U+043D)
               not set up for use with LaTeX.

See the LaTeX manual or LaTeX Companion for explanation.
Type  H <return>  for immediate help.
 ...                                              
                                                  
l.3 ...Ç–∏–µ –±—Ä–æ—É–Ω–æ–≤—Å–∫–æ–≥–æ –¥–≤–∏–∂–µ–Ω
                                                  –∏—è}
You may provide a definition with
\DeclareUnicodeCharacter 


! LaTeX Error: Unicode character –∏ (U+0438)
               not set up for use with LaTeX.

See the LaTeX manual or LaTeX Companion for explanation.
Type  H <return>  for immediate help.
 ...                                              
                                                  
l.3 ...∏–µ –±—Ä–æ—É–Ω–æ–≤—Å–∫–æ–≥–æ –¥–≤–∏–∂–µ–Ω–∏
                                                  —è}
You may provide a definition with
\DeclareUnicodeCharacter 


! LaTeX Error: Unicode character —è (U+044F)
               not set up for use with LaTeX.

See the LaTeX manual or LaTeX Companion for explanation.
Type  H <return>  for immediate help.
 ...                                              
                                                  
l.3 ...µ –±—Ä–æ—É–Ω–æ–≤—Å–∫–æ–≥–æ –¥–≤–∏–∂–µ–Ω–∏—è
                                                  }
You may provide a definition with
\DeclareUnicodeCharacter 


! LaTeX Error: Missing \begin{document}.

See the LaTeX manual or LaTeX Companion for explanation.
Type  H <return>  for immediate help.
 ...                                              
                                                  
l.5 ...bf{–ë—Ä–æ—É–Ω–æ–≤—Å–∫–æ–µ –¥–≤–∏–∂–µ–Ω–∏–µ}
                                                   (–∏–Ω–æ–≥–¥–∞ –Ω–∞–∑—ã–≤–...

You're in trouble here.  Try typing  <return>  to proceed.
If that doesn't work, type  X <return>  to quit.


! LaTeX Error: Unicode character –ë (U+0411)
               not set up for use with LaTeX.

See the LaTeX manual or LaTeX Companion for explanation.
Type  H <return>  for immediate help.
 ...                                              
                                                  
l.5 ...bf{–ë—Ä–æ—É–Ω–æ–≤—Å–∫–æ–µ –¥–≤–∏–∂–µ–Ω–∏–µ}
                                                   (–∏–Ω–æ–≥–¥–∞ –Ω–∞–∑—ã–≤–...

You may provide a definition with
\DeclareUnicodeCharacter 


! LaTeX Error: Unicode character —Ä (U+0440)
               not set up for use with LaTeX.

See the LaTeX manual or LaTeX Companion for explanation.
Type  H <return>  for immediate help.
 ...                                              
                                                  
l.5 ...bf{–ë—Ä–æ—É–Ω–æ–≤—Å–∫–æ–µ –¥–≤–∏–∂–µ–Ω–∏–µ}
                                                   (–∏–Ω–æ–≥–¥–∞ –Ω–∞–∑—ã–≤–...

You may provide a definition with
\DeclareUnicodeCharacter 


! LaTeX Error: Unicode character –æ (U+043E)
               not set up for use with LaTeX.

See the LaTeX manual or LaTeX Companion for explanation.
Type  H <return>  for immediate help.
 ...                                              
                                                  
l.5 ...bf{–ë—Ä–æ—É–Ω–æ–≤—Å–∫–æ–µ –¥–≤–∏–∂–µ–Ω–∏–µ}
                                                   (–∏–Ω–æ–≥–¥–∞ –Ω–∞–∑—ã–≤–...

You may provide a definition with
\DeclareUnicodeCharacter 


! LaTeX Error: Unicode character —É (U+0443)
               not set up for use with LaTeX.

See the LaTeX manual or LaTeX Companion for explanation.
Type  H <return>  for immediate help.
 ...                                              
                                                  
l.5 ...bf{–ë—Ä–æ—É–Ω–æ–≤—Å–∫–æ–µ –¥–≤–∏–∂–µ–Ω–∏–µ}
                                                   (–∏–Ω–æ–≥–¥–∞ –Ω–∞–∑—ã–≤–...

You may provide a definition with
\DeclareUnicodeCharacter 


! LaTeX Error: Unicode character –Ω (U+043D)
               not set up for use with LaTeX.

See the LaTeX manual or LaTeX Companion for explanation.
Type  H <return>  for immediate help.
 ...                                              
                                                  
l.5 ...bf{–ë—Ä–æ—É–Ω–æ–≤—Å–∫–æ–µ –¥–≤–∏–∂–µ–Ω–∏–µ}
                                                   (–∏–Ω–æ–≥–¥–∞ –Ω–∞–∑—ã–≤–...

You may provide a definition with
\DeclareUnicodeCharacter 


! LaTeX Error: Unicode character –æ (U+043E)
               not set up for use with LaTeX.

See the LaTeX manual or LaTeX Companion for explanation.
Type  H <return>  for immediate help.
 ...                                              
                                                  
l.5 ...bf{–ë—Ä–æ—É–Ω–æ–≤—Å–∫–æ–µ –¥–≤–∏–∂–µ–Ω–∏–µ}
                                                   (–∏–Ω–æ–≥–¥–∞ –Ω–∞–∑—ã–≤–...

You may provide a definition with
\DeclareUnicodeCharacter 


! LaTeX Error: Unicode character –≤ (U+0432)
               not set up for use with LaTeX.

See the LaTeX manual or LaTeX Companion for explanation.
Type  H <return>  for immediate help.
 ...                                              
                                                  
l.5 ...bf{–ë—Ä–æ—É–Ω–æ–≤—Å–∫–æ–µ –¥–≤–∏–∂–µ–Ω–∏–µ}
                                                   (–∏–Ω–æ–≥–¥–∞ –Ω–∞–∑—ã–≤–...

You may provide a definition with
\DeclareUnicodeCharacter 


! LaTeX Error: Unicode character —Å (U+0441)
               not set up for use with LaTeX.

See the LaTeX manual or LaTeX Companion for explanation.
Type  H <return>  for immediate help.
 ...                                              
                                                  
l.5 ...bf{–ë—Ä–æ—É–Ω–æ–≤—Å–∫–æ–µ –¥–≤–∏–∂–µ–Ω–∏–µ}
                                                   (–∏–Ω–æ–≥–¥–∞ –Ω–∞–∑—ã–≤–...

You may provide a definition with
\DeclareUnicodeCharacter 


! LaTeX Error: Unicode character –∫ (U+043A)
               not set up for use with LaTeX.

See the LaTeX manual or LaTeX Companion for explanation.
Type  H <return>  for immediate help.
 ...                                              
                                                  
l.5 ...bf{–ë—Ä–æ—É–Ω–æ–≤—Å–∫–æ–µ –¥–≤–∏–∂–µ–Ω–∏–µ}
                                                   (–∏–Ω–æ–≥–¥–∞ –Ω–∞–∑—ã–≤–...

You may provide a definition with
\DeclareUnicodeCharacter 


! LaTeX Error: Unicode character –æ (U+043E)
               not set up for use with LaTeX.

See the LaTeX manual or LaTeX Companion for explanation.
Type  H <return>  for immediate help.
 ...                                              
                                                  
l.5 ...bf{–ë—Ä–æ—É–Ω–æ–≤—Å–∫–æ–µ –¥–≤–∏–∂–µ–Ω–∏–µ}
                                                   (–∏–Ω–æ–≥–¥–∞ –Ω–∞–∑—ã–≤–...

You may provide a definition with
\DeclareUnicodeCharacter 


! LaTeX Error: Unicode character –µ (U+0435)
               not set up for use with LaTeX.

See the LaTeX manual or LaTeX Companion for explanation.
Type  H <return>  for immediate help.
 ...                                              
                                                  
l.5 ...bf{–ë—Ä–æ—É–Ω–æ–≤—Å–∫–æ–µ –¥–≤–∏–∂–µ–Ω–∏–µ}
                                                   (–∏–Ω–æ–≥–¥–∞ –Ω–∞–∑—ã–≤–...

You may provide a definition with
\DeclareUnicodeCharacter 


! LaTeX Error: Unicode character –¥ (U+0434)
               not set up for use with LaTeX.

See the LaTeX manual or LaTeX Companion for explanation.
Type  H <return>  for immediate help.
 ...                                              
                                                  
l.5 ...bf{–ë—Ä–æ—É–Ω–æ–≤—Å–∫–æ–µ –¥–≤–∏–∂–µ–Ω–∏–µ}
                                                   (–∏–Ω–æ–≥–¥–∞ –Ω–∞–∑—ã–≤–...

You may provide a definition with
\DeclareUnicodeCharacter 


! LaTeX Error: Unicode character –≤ (U+0432)
               not set up for use with LaTeX.

See the LaTeX manual or LaTeX Companion for explanation.
Type  H <return>  for immediate help.
 ...                                              
                                                  
l.5 ...bf{–ë—Ä–æ—É–Ω–æ–≤—Å–∫–æ–µ –¥–≤–∏–∂–µ–Ω–∏–µ}
                                                   (–∏–Ω–æ–≥–¥–∞ –Ω–∞–∑—ã–≤–...

You may provide a definition with
\DeclareUnicodeCharacter 


! LaTeX Error: Unicode character –∏ (U+0438)
               not set up for use with LaTeX.

See the LaTeX manual or LaTeX Companion for explanation.
Type  H <return>  for immediate help.
 ...                                              
                                                  
l.5 ...bf{–ë—Ä–æ—É–Ω–æ–≤—Å–∫–æ–µ –¥–≤–∏–∂–µ–Ω–∏–µ}
                                                   (–∏–Ω–æ–≥–¥–∞ –Ω–∞–∑—ã–≤–...

You may provide a definition with
\DeclareUnicodeCharacter 


! LaTeX Error: Unicode character –∂ (U+0436)
               not set up for use with LaTeX.

See the LaTeX manual or LaTeX Companion for explanation.
Type  H <return>  for immediate help.
 ...                                              
                                                  
l.5 ...bf{–ë—Ä–æ—É–Ω–æ–≤—Å–∫–æ–µ –¥–≤–∏–∂–µ–Ω–∏–µ}
                                                   (–∏–Ω–æ–≥–¥–∞ –Ω–∞–∑—ã–≤–...

You may provide a definition with
\DeclareUnicodeCharacter 


! LaTeX Error: Unicode character –µ (U+0435)
               not set up for use with LaTeX.

See the LaTeX manual or LaTeX Companion for explanation.
Type  H <return>  for immediate help.
 ...                                              
                                                  
l.5 ...bf{–ë—Ä–æ—É–Ω–æ–≤—Å–∫–æ–µ –¥–≤–∏–∂–µ–Ω–∏–µ}
                                                   (–∏–Ω–æ–≥–¥–∞ –Ω–∞–∑—ã–≤–...

You may provide a definition with
\DeclareUnicodeCharacter 


! LaTeX Error: Unicode character –Ω (U+043D)
               not set up for use with LaTeX.

See the LaTeX manual or LaTeX Companion for explanation.
Type  H <return>  for immediate help.
 ...                                              
                                                  
l.5 ...bf{–ë—Ä–æ—É–Ω–æ–≤—Å–∫–æ–µ –¥–≤–∏–∂–µ–Ω–∏–µ}
                                                   (–∏–Ω–æ–≥–¥–∞ –Ω–∞–∑—ã–≤–...

You may provide a definition with
\DeclareUnicodeCharacter 


! LaTeX Error: Unicode character –∏ (U+0438)
               not set up for use with LaTeX.

See the LaTeX manual or LaTeX Companion for explanation.
Type  H <return>  for immediate help.
 ...                                              
                                                  
l.5 ...bf{–ë—Ä–æ—É–Ω–æ–≤—Å–∫–æ–µ –¥–≤–∏–∂–µ–Ω–∏–µ}
                                                   (–∏–Ω–æ–≥–¥–∞ –Ω–∞–∑—ã–≤–...

You may provide a definition with
\DeclareUnicodeCharacter 


! LaTeX Error: Unicode character –µ (U+0435)
               not set up for use with LaTeX.

See the LaTeX manual or LaTeX Companion for explanation.
Type  H <return>  for immediate help.
 ...                                              
                                                  
l.5 ...bf{–ë—Ä–æ—É–Ω–æ–≤—Å–∫–æ–µ –¥–≤–∏–∂–µ–Ω–∏–µ}
                                                   (–∏–Ω–æ–≥–¥–∞ –Ω–∞–∑—ã–≤–...

You may provide a definition with
\DeclareUnicodeCharacter 

Missing character: There is no ( in font nullfont!

! LaTeX Error: Unicode character –∏ (U+0438)
               not set up for use with LaTeX.

See the LaTeX manual or LaTeX Companion for explanation.
Type  H <return>  for immediate help.
 ...                                              
                                                  
l.5 ...ë—Ä–æ—É–Ω–æ–≤—Å–∫–æ–µ –¥–≤–∏–∂–µ–Ω–∏–µ} (–∏
                                                  –Ω–æ–≥–¥–∞ –Ω–∞–∑—ã–≤–∞—é—...

You may provide a definition with
\DeclareUnicodeCharacter 


! LaTeX Error: Unicode character –Ω (U+043D)
               not set up for use with LaTeX.

See the LaTeX manual or LaTeX Companion for explanation.
Type  H <return>  for immediate help.
 ...                                              
                                                  
l.5 ...Ä–æ—É–Ω–æ–≤—Å–∫–æ–µ –¥–≤–∏–∂–µ–Ω–∏–µ} (–∏–Ω
                                                  –æ–≥–¥–∞ –Ω–∞–∑—ã–≤–∞—é—Ç ...

You may provide a definition with
\DeclareUnicodeCharacter 


! LaTeX Error: Unicode character –æ (U+043E)
               not set up for use with LaTeX.

See the LaTeX manual or LaTeX Companion for explanation.
Type  H <return>  for immediate help.
 ...                                              
                                                  
l.5 ...æ—É–Ω–æ–≤—Å–∫–æ–µ –¥–≤–∏–∂–µ–Ω–∏–µ} (–∏–Ω–æ
                                                  –≥–¥–∞ –Ω–∞–∑—ã–≤–∞—é—Ç –ë...

You may provide a definition with
\DeclareUnicodeCharacter 


! LaTeX Error: Unicode character –≥ (U+0433)
               not set up for use with LaTeX.

See the LaTeX manual or LaTeX Companion for explanation.
Type  H <return>  for immediate help.
 ...                                              
                                                  
l.5 ...É–Ω–æ–≤—Å–∫–æ–µ –¥–≤–∏–∂–µ–Ω–∏–µ} (–∏–Ω–æ–≥
                                                  –¥–∞ –Ω–∞–∑—ã–≤–∞—é—Ç –ë—Ä...

You may provide a definition with
\DeclareUnicodeCharacter 


! LaTeX Error: Unicode character –¥ (U+0434)
               not set up for use with LaTeX.

See the LaTeX manual or LaTeX Companion for explanation.
Type  H <return>  for immediate help.
 ...                                              
                                                  
l.5 ...Ω–æ–≤—Å–∫–æ–µ –¥–≤–∏–∂–µ–Ω–∏–µ} (–∏–Ω–æ–≥–¥
                                                  –∞ –Ω–∞–∑—ã–≤–∞—é—Ç –ë—Ä–∞...

You may provide a definition with
\DeclareUnicodeCharacter 


! LaTeX Error: Unicode character –∞ (U+0430)
               not set up for use with LaTeX.

See the LaTeX manual or LaTeX Companion for explanation.
Type  H <return>  for immediate help.
 ...                                              
                                                  
l.5 ...æ–≤—Å–∫–æ–µ –¥–≤–∏–∂–µ–Ω–∏–µ} (–∏–Ω–æ–≥–¥–∞
                                                   –Ω–∞–∑—ã–≤–∞—é—Ç –ë—Ä–∞—É...

You may provide a definition with
\DeclareUnicodeCharacter 


! LaTeX Error: Unicode character –Ω (U+043D)
               not set up for use with LaTeX.

See the LaTeX manual or LaTeX Companion for explanation.
Type  H <return>  for immediate help.
 ...                                              
                                                  
l.5 ...—Å–∫–æ–µ –¥–≤–∏–∂–µ–Ω–∏–µ} (–∏–Ω–æ–≥–¥–∞ –Ω
                                                  –∞–∑—ã–≤–∞—é—Ç –ë—Ä–∞—É–Ω–...

You may provide a definition with
\DeclareUnicodeCharacter 


! LaTeX Error: Unicode character –∞ (U+0430)
               not set up for use with LaTeX.

See the LaTeX manual or LaTeX Companion for explanation.
Type  H <return>  for immediate help.
 ...                                              
                                                  
l.5 ...–∫–æ–µ –¥–≤–∏–∂–µ–Ω–∏–µ} (–∏–Ω–æ–≥–¥–∞ –Ω–∞
                                                  –∑—ã–≤–∞—é—Ç –ë—Ä–∞—É–Ω–æ–...

You may provide a definition with
\DeclareUnicodeCharacter 


! LaTeX Error: Unicode character –∑ (U+0437)
               not set up for use with LaTeX.

See the LaTeX manual or LaTeX Companion for explanation.
Type  H <return>  for immediate help.
 ...                                              
                                                  
l.5 ...–æ–µ –¥–≤–∏–∂–µ–Ω–∏–µ} (–∏–Ω–æ–≥–¥–∞ –Ω–∞–∑
                                                  —ã–≤–∞—é—Ç –ë—Ä–∞—É–Ω–æ–≤—...

You may provide a definition with
\DeclareUnicodeCharacter 


! LaTeX Error: Unicode character —ã (U+044B)
               not set up for use with LaTeX.

See the LaTeX manual or LaTeX Companion for explanation.
Type  H <return>  for immediate help.
 ...                                              
                                                  
l.5 ...–µ –¥–≤–∏–∂–µ–Ω–∏–µ} (–∏–Ω–æ–≥–¥–∞ –Ω–∞–∑—ã
                                                  –≤–∞—é—Ç –ë—Ä–∞—É–Ω–æ–≤—Å–...

You may provide a definition with
\DeclareUnicodeCharacter 


! LaTeX Error: Unicode character –≤ (U+0432)
               not set up for use with LaTeX.

See the LaTeX manual or LaTeX Companion for explanation.
Type  H <return>  for immediate help.
 ...                                              
                                                  
l.5 ... –¥–≤–∏–∂–µ–Ω–∏–µ} (–∏–Ω–æ–≥–¥–∞ –Ω–∞–∑—ã–≤
                                                  –∞—é—Ç –ë—Ä–∞—É–Ω–æ–≤—Å–∫–...

You may provide a definition with
\DeclareUnicodeCharacter 


! LaTeX Error: Unicode character –∞ (U+0430)
               not set up for use with LaTeX.

See the LaTeX manual or LaTeX Companion for explanation.
Type  H <return>  for immediate help.
 ...                                              
                                                  
l.5 ...¥–≤–∏–∂–µ–Ω–∏–µ} (–∏–Ω–æ–≥–¥–∞ –Ω–∞–∑—ã–≤–∞
                                                  —é—Ç –ë—Ä–∞—É–Ω–æ–≤—Å–∫–æ–...

You may provide a definition with
\DeclareUnicodeCharacter 


! LaTeX Error: Unicode character —é (U+044E)
               not set up for use with LaTeX.

See the LaTeX manual or LaTeX Companion for explanation.
Type  H <return>  for immediate help.
 ...                                              
                                                  
l.5 ...≤–∏–∂–µ–Ω–∏–µ} (–∏–Ω–æ–≥–¥–∞ –Ω–∞–∑—ã–≤–∞—é
                                                  —Ç –ë—Ä–∞—É–Ω–æ–≤—Å–∫–æ–µ ...

You may provide a definition with
\DeclareUnicodeCharacter 


! LaTeX Error: Unicode character —Ç (U+0442)
               not set up for use with LaTeX.

See the LaTeX manual or LaTeX Companion for explanation.
Type  H <return>  for immediate help.
 ...                                              
                                                  
l.5 ...∏–∂–µ–Ω–∏–µ} (–∏–Ω–æ–≥–¥–∞ –Ω–∞–∑—ã–≤–∞—é—Ç
                                                   –ë—Ä–∞—É–Ω–æ–≤—Å–∫–æ–µ –¥...

You may provide a definition with
\DeclareUnicodeCharacter 


! LaTeX Error: Unicode character –ë (U+0411)
               not set up for use with LaTeX.

See the LaTeX manual or LaTeX Companion for explanation.
Type  H <return>  for immediate help.
 ...                                              
                                                  
l.5 ...–µ–Ω–∏–µ} (–∏–Ω–æ–≥–¥–∞ –Ω–∞–∑—ã–≤–∞—é—Ç –ë
                                                  —Ä–∞—É–Ω–æ–≤—Å–∫–æ–µ –¥–≤–...

You may provide a definition with
\DeclareUnicodeCharacter 


! LaTeX Error: Unicode character —Ä (U+0440)
               not set up for use with LaTeX.

See the LaTeX manual or LaTeX Companion for explanation.
Type  H <return>  for immediate help.
 ...                                              
                                                  
l.5 ...–Ω–∏–µ} (–∏–Ω–æ–≥–¥–∞ –Ω–∞–∑—ã–≤–∞—é—Ç –ë—Ä
                                                  –∞—É–Ω–æ–≤—Å–∫–æ–µ –¥–≤–∏–...

You may provide a definition with
\DeclareUnicodeCharacter 


! LaTeX Error: Unicode character –∞ (U+0430)
               not set up for use with LaTeX.

See the LaTeX manual or LaTeX Companion for explanation.
Type  H <return>  for immediate help.
 ...                                              
                                                  
l.5 ...–∏–µ} (–∏–Ω–æ–≥–¥–∞ –Ω–∞–∑—ã–≤–∞—é—Ç –ë—Ä–∞
                                                  —É–Ω–æ–≤—Å–∫–æ–µ –¥–≤–∏–∂–...

You may provide a definition with
\DeclareUnicodeCharacter 


! LaTeX Error: Unicode character —É (U+0443)
               not set up for use with LaTeX.

See the LaTeX manual or LaTeX Companion for explanation.
Type  H <return>  for immediate help.
 ...                                              
                                                  
l.5 ...–µ} (–∏–Ω–æ–≥–¥–∞ –Ω–∞–∑—ã–≤–∞—é—Ç –ë—Ä–∞—É
                                                  –Ω–æ–≤—Å–∫–æ–µ –¥–≤–∏–∂–µ–...

You may provide a definition with
\DeclareUnicodeCharacter 


! LaTeX Error: Unicode character –Ω (U+043D)
               not set up for use with LaTeX.

See the LaTeX manual or LaTeX Companion for explanation.
Type  H <return>  for immediate help.
 ...                                              
                                                  
l.5 ...} (–∏–Ω–æ–≥–¥–∞ –Ω–∞–∑—ã–≤–∞—é—Ç –ë—Ä–∞—É–Ω
                                                  –æ–≤—Å–∫–æ–µ –¥–≤–∏–∂–µ–Ω–...

You may provide a definition with
\DeclareUnicodeCharacter 


! LaTeX Error: Unicode character –æ (U+043E)
               not set up for use with LaTeX.

See the LaTeX manual or LaTeX Companion for explanation.
Type  H <return>  for immediate help.
 ...                                              
                                                  
l.5 ...(–∏–Ω–æ–≥–¥–∞ –Ω–∞–∑—ã–≤–∞—é—Ç –ë—Ä–∞—É–Ω–æ
                                                  –≤—Å–∫–æ–µ –¥–≤–∏–∂–µ–Ω–∏–...

You may provide a definition with
\DeclareUnicodeCharacter 


! LaTeX Error: Unicode character –≤ (U+0432)
               not set up for use with LaTeX.

See the LaTeX manual or LaTeX Companion for explanation.
Type  H <return>  for immediate help.
 ...                                              
                                                  
l.5 ...∏–Ω–æ–≥–¥–∞ –Ω–∞–∑—ã–≤–∞—é—Ç –ë—Ä–∞—É–Ω–æ–≤
                                                  —Å–∫–æ–µ –¥–≤–∏–∂–µ–Ω–∏–µ)...

You may provide a definition with
\DeclareUnicodeCharacter 


! LaTeX Error: Unicode character —Å (U+0441)
               not set up for use with LaTeX.

See the LaTeX manual or LaTeX Companion for explanation.
Type  H <return>  for immediate help.
 ...                                              
                                                  
l.5 ...Ω–æ–≥–¥–∞ –Ω–∞–∑—ã–≤–∞—é—Ç –ë—Ä–∞—É–Ω–æ–≤—Å
                                                  –∫–æ–µ –¥–≤–∏–∂–µ–Ω–∏–µ) -...

You may provide a definition with
\DeclareUnicodeCharacter 


! LaTeX Error: Unicode character –∫ (U+043A)
               not set up for use with LaTeX.

See the LaTeX manual or LaTeX Companion for explanation.
Type  H <return>  for immediate help.
 ...                                              
                                                  
l.5 ...æ–≥–¥–∞ –Ω–∞–∑—ã–≤–∞—é—Ç –ë—Ä–∞—É–Ω–æ–≤—Å–∫
                                                  –æ–µ –¥–≤–∏–∂–µ–Ω–∏–µ) -- ...

You may provide a definition with
\DeclareUnicodeCharacter 


! LaTeX Error: Unicode character –æ (U+043E)
               not set up for use with LaTeX.

See the LaTeX manual or LaTeX Companion for explanation.
Type  H <return>  for immediate help.
 ...                                              
                                                  
l.5 ...≥–¥–∞ –Ω–∞–∑—ã–≤–∞—é—Ç –ë—Ä–∞—É–Ω–æ–≤—Å–∫–æ
                                                  –µ –¥–≤–∏–∂–µ–Ω–∏–µ) -- –±...

You may provide a definition with
\DeclareUnicodeCharacter 


! LaTeX Error: Unicode character –µ (U+0435)
               not set up for use with LaTeX.

See the LaTeX manual or LaTeX Companion for explanation.
Type  H <return>  for immediate help.
 ...                                              
                                                  
l.5 ...¥–∞ –Ω–∞–∑—ã–≤–∞—é—Ç –ë—Ä–∞—É–Ω–æ–≤—Å–∫–æ–µ
                                                   –¥–≤–∏–∂–µ–Ω–∏–µ) -- –±–µ...

You may provide a definition with
\DeclareUnicodeCharacter 


! LaTeX Error: Unicode character –¥ (U+0434)
               not set up for use with LaTeX.

See the LaTeX manual or LaTeX Companion for explanation.
Type  H <return>  for immediate help.
 ...                                              
                                                  
l.5 ... –Ω–∞–∑—ã–≤–∞—é—Ç –ë—Ä–∞—É–Ω–æ–≤—Å–∫–æ–µ –¥
                                                  –≤–∏–∂–µ–Ω–∏–µ) -- –±–µ—Å–...

You may provide a definition with
\DeclareUnicodeCharacter 


! LaTeX Error: Unicode character –≤ (U+0432)
               not set up for use with LaTeX.

See the LaTeX manual or LaTeX Companion for explanation.
Type  H <return>  for immediate help.
 ...                                              
                                                  
l.5 ...Ω–∞–∑—ã–≤–∞—é—Ç –ë—Ä–∞—É–Ω–æ–≤—Å–∫–æ–µ –¥–≤
                                                  –∏–∂–µ–Ω–∏–µ) -- –±–µ—Å–ø–...

You may provide a definition with
\DeclareUnicodeCharacter 


! LaTeX Error: Unicode character –∏ (U+0438)
               not set up for use with LaTeX.

See the LaTeX manual or LaTeX Companion for explanation.
Type  H <return>  for immediate help.
 ...                                              
                                                  
l.5 ...∞–∑—ã–≤–∞—é—Ç –ë—Ä–∞—É–Ω–æ–≤—Å–∫–æ–µ –¥–≤–∏
                                                  –∂–µ–Ω–∏–µ) -- –±–µ—Å–ø–æ—...

You may provide a definition with
\DeclareUnicodeCharacter 


! LaTeX Error: Unicode character –∂ (U+0436)
               not set up for use with LaTeX.

See the LaTeX manual or LaTeX Companion for explanation.
Type  H <return>  for immediate help.
 ...                                              
                                                  
l.5 ...∑—ã–≤–∞—é—Ç –ë—Ä–∞—É–Ω–æ–≤—Å–∫–æ–µ –¥–≤–∏–∂
                                                  –µ–Ω–∏–µ) -- –±–µ—Å–ø–æ—Ä—...

You may provide a definition with
\DeclareUnicodeCharacter 


! LaTeX Error: Unicode character –µ (U+0435)
               not set up for use with LaTeX.

See the LaTeX manual or LaTeX Companion for explanation.
Type  H <return>  for immediate help.
 ...                                              
                                                  
l.5 ...ã–≤–∞—é—Ç –ë—Ä–∞—É–Ω–æ–≤—Å–∫–æ–µ –¥–≤–∏–∂–µ
                                                  –Ω–∏–µ) -- –±–µ—Å–ø–æ—Ä—è–...

You may provide a definition with
\DeclareUnicodeCharacter 


! LaTeX Error: Unicode character –Ω (U+043D)
               not set up for use with LaTeX.

See the LaTeX manual or LaTeX Companion for explanation.
Type  H <return>  for immediate help.
 ...                                              
                                                  
l.5 ...≤–∞—é—Ç –ë—Ä–∞—É–Ω–æ–≤—Å–∫–æ–µ –¥–≤–∏–∂–µ–Ω
                                                  –∏–µ) -- –±–µ—Å–ø–æ—Ä—è–¥–...

You may provide a definition with
\DeclareUnicodeCharacter 


! LaTeX Error: Unicode character –∏ (U+0438)
               not set up for use with LaTeX.

See the LaTeX manual or LaTeX Companion for explanation.
Type  H <return>  for immediate help.
 ...                                              
                                                  
l.5 ...∞—é—Ç –ë—Ä–∞—É–Ω–æ–≤—Å–∫–æ–µ –¥–≤–∏–∂–µ–Ω–∏
                                                  –µ) -- –±–µ—Å–ø–æ—Ä—è–¥–æ—...

You may provide a definition with
\DeclareUnicodeCharacter 


! LaTeX Error: Unicode character –µ (U+0435)
               not set up for use with LaTeX.

See the LaTeX manual or LaTeX Companion for explanation.
Type  H <return>  for immediate help.
 ...                                              
                                                  
l.5 ...é—Ç –ë—Ä–∞—É–Ω–æ–≤—Å–∫–æ–µ –¥–≤–∏–∂–µ–Ω–∏–µ
                                                  ) -- –±–µ—Å–ø–æ—Ä—è–¥–æ—á–...

You may provide a definition with
\DeclareUnicodeCharacter 

Missing character: There is no ) in font nullfont!
Missing character: There is no - in font nullfont!
Missing character: There is no - in font nullfont!

! LaTeX Error: Unicode character –± (U+0431)
               not set up for use with LaTeX.

See the LaTeX manual or LaTeX Companion for explanation.
Type  H <return>  for immediate help.
 ...                                              
                                                  
l.5 ...Ä–∞—É–Ω–æ–≤—Å–∫–æ–µ –¥–≤–∏–∂–µ–Ω–∏–µ) -- –±
                                                  –µ—Å–ø–æ—Ä—è–¥–æ—á–Ω–æ–µ –...

You may provide a definition with
\DeclareUnicodeCharacter 


! LaTeX Error: Unicode character –µ (U+0435)
               not set up for use with LaTeX.

See the LaTeX manual or LaTeX Companion for explanation.
Type  H <return>  for immediate help.
 ...                                              
                                                  
l.5 ...∞—É–Ω–æ–≤—Å–∫–æ–µ –¥–≤–∏–∂–µ–Ω–∏–µ) -- –±–µ
                                                  —Å–ø–æ—Ä—è–¥–æ—á–Ω–æ–µ –¥–...

You may provide a definition with
\DeclareUnicodeCharacter 


! LaTeX Error: Unicode character —Å (U+0441)
               not set up for use with LaTeX.

See the LaTeX manual or LaTeX Companion for explanation.
Type  H <return>  for immediate help.
 ...                                              
                                                  
l.5 ...É–Ω–æ–≤—Å–∫–æ–µ –¥–≤–∏–∂–µ–Ω–∏–µ) -- –±–µ—Å
                                                  –ø–æ—Ä—è–¥–æ—á–Ω–æ–µ –¥–≤–...

You may provide a definition with
\DeclareUnicodeCharacter 


! LaTeX Error: Unicode character –ø (U+043F)
               not set up for use with LaTeX.

See the LaTeX manual or LaTeX Companion for explanation.
Type  H <return>  for immediate help.
 ...                                              
                                                  
l.5 ...Ω–æ–≤—Å–∫–æ–µ –¥–≤–∏–∂–µ–Ω–∏–µ) -- –±–µ—Å–ø
                                                  –æ—Ä—è–¥–æ—á–Ω–æ–µ –¥–≤–∏–...

You may provide a definition with
\DeclareUnicodeCharacter 


! LaTeX Error: Unicode character –æ (U+043E)
               not set up for use with LaTeX.

See the LaTeX manual or LaTeX Companion for explanation.
Type  H <return>  for immediate help.
 ...                                              
                                                  
l.5 ...æ–≤—Å–∫–æ–µ –¥–≤–∏–∂–µ–Ω–∏–µ) -- –±–µ—Å–ø–æ
                                                  —Ä—è–¥–æ—á–Ω–æ–µ –¥–≤–∏–∂–...

You may provide a definition with
\DeclareUnicodeCharacter 


! LaTeX Error: Unicode character —Ä (U+0440)
               not set up for use with LaTeX.

See the LaTeX manual or LaTeX Companion for explanation.
Type  H <return>  for immediate help.
 ...                                              
                                                  
l.5 ...≤—Å–∫–æ–µ –¥–≤–∏–∂–µ–Ω–∏–µ) -- –±–µ—Å–ø–æ—Ä
                                                  —è–¥–æ—á–Ω–æ–µ –¥–≤–∏–∂–µ–...

You may provide a definition with
\DeclareUnicodeCharacter 


! LaTeX Error: Unicode character —è (U+044F)
               not set up for use with LaTeX.

See the LaTeX manual or LaTeX Companion for explanation.
Type  H <return>  for immediate help.
 ...                                              
                                                  
l.5 ...Å–∫–æ–µ –¥–≤–∏–∂–µ–Ω–∏–µ) -- –±–µ—Å–ø–æ—Ä—è
                                                  –¥–æ—á–Ω–æ–µ –¥–≤–∏–∂–µ–Ω–...

You may provide a definition with
\DeclareUnicodeCharacter 


! LaTeX Error: Unicode character –¥ (U+0434)
               not set up for use with LaTeX.

See the LaTeX manual or LaTeX Companion for explanation.
Type  H <return>  for immediate help.
 ...                                              
                                                  
l.5 ...∫–æ–µ –¥–≤–∏–∂–µ–Ω–∏–µ) -- –±–µ—Å–ø–æ—Ä—è–¥
                                                  –æ—á–Ω–æ–µ –¥–≤–∏–∂–µ–Ω–∏–...

You may provide a definition with
\DeclareUnicodeCharacter 


! LaTeX Error: Unicode character –æ (U+043E)
               not set up for use with LaTeX.

See the LaTeX manual or LaTeX Companion for explanation.
Type  H <return>  for immediate help.
 ...                                              
                                                  
l.5 ...æ–µ –¥–≤–∏–∂–µ–Ω–∏–µ) -- –±–µ—Å–ø–æ—Ä—è–¥–æ
                                                  —á–Ω–æ–µ –¥–≤–∏–∂–µ–Ω–∏–µ ...

You may provide a definition with
\DeclareUnicodeCharacter 


! LaTeX Error: Unicode character —á (U+0447)
               not set up for use with LaTeX.

See the LaTeX manual or LaTeX Companion for explanation.
Type  H <return>  for immediate help.
 ...                                              
                                                  
l.5 ...µ –¥–≤–∏–∂–µ–Ω–∏–µ) -- –±–µ—Å–ø–æ—Ä—è–¥–æ—á
                                                  –Ω–æ–µ –¥–≤–∏–∂–µ–Ω–∏–µ –º...

You may provide a definition with
\DeclareUnicodeCharacter 


! LaTeX Error: Unicode character –Ω (U+043D)
               not set up for use with LaTeX.

See the LaTeX manual or LaTeX Companion for explanation.
Type  H <return>  for immediate help.
 ...                                              
                                                  
l.5 ...–¥–≤–∏–∂–µ–Ω–∏–µ) -- –±–µ—Å–ø–æ—Ä—è–¥–æ—á–Ω
                                                  –æ–µ –¥–≤–∏–∂–µ–Ω–∏–µ –º–∞...

You may provide a definition with
\DeclareUnicodeCharacter 


! LaTeX Error: Unicode character –æ (U+043E)
               not set up for use with LaTeX.

See the LaTeX manual or LaTeX Companion for explanation.
Type  H <return>  for immediate help.
 ...                                              
                                                  
l.5 ...–≤–∏–∂–µ–Ω–∏–µ) -- –±–µ—Å–ø–æ—Ä—è–¥–æ—á–Ω–æ
                                                  –µ –¥–≤–∏–∂–µ–Ω–∏–µ –º–∞–ª...

You may provide a definition with
\DeclareUnicodeCharacter 


! LaTeX Error: Unicode character –µ (U+0435)
               not set up for use with LaTeX.

See the LaTeX manual or LaTeX Companion for explanation.
Type  H <return>  for immediate help.
 ...                                              
                                                  
l.5 ...–∏–∂–µ–Ω–∏–µ) -- –±–µ—Å–ø–æ—Ä—è–¥–æ—á–Ω–æ–µ
                                                   –¥–≤–∏–∂–µ–Ω–∏–µ –º–∞–ª—ã...

You may provide a definition with
\DeclareUnicodeCharacter 


! LaTeX Error: Unicode character –¥ (U+0434)
               not set up for use with LaTeX.

See the LaTeX manual or LaTeX Companion for explanation.
Type  H <return>  for immediate help.
 ...                                              
                                                  
l.5 ...∂–µ–Ω–∏–µ) -- –±–µ—Å–ø–æ—Ä—è–¥–æ—á–Ω–æ–µ –¥
                                                  –≤–∏–∂–µ–Ω–∏–µ –º–∞–ª—ã—Ö ...

You may provide a definition with
\DeclareUnicodeCharacter 


! LaTeX Error: Unicode character –≤ (U+0432)
               not set up for use with LaTeX.

See the LaTeX manual or LaTeX Companion for explanation.
Type  H <return>  for immediate help.
 ...                                              
                                                  
l.5 ...µ–Ω–∏–µ) -- –±–µ—Å–ø–æ—Ä—è–¥–æ—á–Ω–æ–µ –¥–≤
                                                  –∏–∂–µ–Ω–∏–µ –º–∞–ª—ã—Ö —á...

You may provide a definition with
\DeclareUnicodeCharacter 


! LaTeX Error: Unicode character –∏ (U+0438)
               not set up for use with LaTeX.

See the LaTeX manual or LaTeX Companion for explanation.
Type  H <return>  for immediate help.
 ...                                              
                                                  
l.5 ...Ω–∏–µ) -- –±–µ—Å–ø–æ—Ä—è–¥–æ—á–Ω–æ–µ –¥–≤–∏
                                                  –∂–µ–Ω–∏–µ –º–∞–ª—ã—Ö —á–∞...

You may provide a definition with
\DeclareUnicodeCharacter 


! LaTeX Error: Unicode character –∂ (U+0436)
               not set up for use with LaTeX.

See the LaTeX manual or LaTeX Companion for explanation.
Type  H <return>  for immediate help.
 ...                                              
                                                  
l.5 ...∏–µ) -- –±–µ—Å–ø–æ—Ä—è–¥–æ—á–Ω–æ–µ –¥–≤–∏–∂
                                                  –µ–Ω–∏–µ –º–∞–ª—ã—Ö —á–∞—Å...

You may provide a definition with
\DeclareUnicodeCharacter 


! LaTeX Error: Unicode character –µ (U+0435)
               not set up for use with LaTeX.

See the LaTeX manual or LaTeX Companion for explanation.
Type  H <return>  for immediate help.
 ...                                              
                                                  
l.5 ...µ) -- –±–µ—Å–ø–æ—Ä—è–¥–æ—á–Ω–æ–µ –¥–≤–∏–∂–µ
                                                  –Ω–∏–µ –º–∞–ª—ã—Ö —á–∞—Å—Ç...

You may provide a definition with
\DeclareUnicodeCharacter 


! LaTeX Error: Unicode character –Ω (U+043D)
               not set up for use with LaTeX.

See the LaTeX manual or LaTeX Companion for explanation.
Type  H <return>  for immediate help.
 ...                                              
                                                  
l.5 ... -- –±–µ—Å–ø–æ—Ä—è–¥–æ—á–Ω–æ–µ –¥–≤–∏–∂–µ–Ω
                                                  –∏–µ –º–∞–ª—ã—Ö —á–∞—Å—Ç–∏...

You may provide a definition with
\DeclareUnicodeCharacter 


! LaTeX Error: Unicode character –∏ (U+0438)
               not set up for use with LaTeX.

See the LaTeX manual or LaTeX Companion for explanation.
Type  H <return>  for immediate help.
 ...                                              
                                                  
l.5 ...- –±–µ—Å–ø–æ—Ä—è–¥–æ—á–Ω–æ–µ –¥–≤–∏–∂–µ–Ω–∏
                                                  –µ –º–∞–ª—ã—Ö —á–∞—Å—Ç–∏—Ü...

You may provide a definition with
\DeclareUnicodeCharacter 


! LaTeX Error: Unicode character –µ (U+0435)
               not set up for use with LaTeX.

See the LaTeX manual or LaTeX Companion for explanation.
Type  H <return>  for immediate help.
 ...                                              
                                                  
l.5 ...–±–µ—Å–ø–æ—Ä—è–¥–æ—á–Ω–æ–µ –¥–≤–∏–∂–µ–Ω–∏–µ
                                                   –º–∞–ª—ã—Ö —á–∞—Å—Ç–∏—Ü, ...

You may provide a definition with
\DeclareUnicodeCharacter 


! LaTeX Error: Unicode character –º (U+043C)
               not set up for use with LaTeX.

See the LaTeX manual or LaTeX Companion for explanation.
Type  H <return>  for immediate help.
 ...                                              
                                                  
l.5 ...µ—Å–ø–æ—Ä—è–¥–æ—á–Ω–æ–µ –¥–≤–∏–∂–µ–Ω–∏–µ –º
                                                  –∞–ª—ã—Ö —á–∞—Å—Ç–∏—Ü, –≤–...

You may provide a definition with
\DeclareUnicodeCharacter 


! LaTeX Error: Unicode character –∞ (U+0430)
               not set up for use with LaTeX.

See the LaTeX manual or LaTeX Companion for explanation.
Type  H <return>  for immediate help.
 ...                                              
                                                  
l.5 ...Å–ø–æ—Ä—è–¥–æ—á–Ω–æ–µ –¥–≤–∏–∂–µ–Ω–∏–µ –º–∞
                                                  –ª—ã—Ö —á–∞—Å—Ç–∏—Ü, –≤–∑–...

You may provide a definition with
\DeclareUnicodeCharacter 


! LaTeX Error: Unicode character –ª (U+043B)
               not set up for use with LaTeX.

See the LaTeX manual or LaTeX Companion for explanation.
Type  H <return>  for immediate help.
 ...                                              
                                                  
l.5 ...ø–æ—Ä—è–¥–æ—á–Ω–æ–µ –¥–≤–∏–∂–µ–Ω–∏–µ –º–∞–ª
                                                  —ã—Ö —á–∞—Å—Ç–∏—Ü, –≤–∑–≤–...

You may provide a definition with
\DeclareUnicodeCharacter 


! LaTeX Error: Unicode character —ã (U+044B)
               not set up for use with LaTeX.

See the LaTeX manual or LaTeX Companion for explanation.
Type  H <return>  for immediate help.
 ...                                              
                                                  
l.5 ...æ—Ä—è–¥–æ—á–Ω–æ–µ –¥–≤–∏–∂–µ–Ω–∏–µ –º–∞–ª—ã
                                                  —Ö —á–∞—Å—Ç–∏—Ü, –≤–∑–≤–µ—...

You may provide a definition with
\DeclareUnicodeCharacter 


! LaTeX Error: Unicode character —Ö (U+0445)
               not set up for use with LaTeX.

See the LaTeX manual or LaTeX Companion for explanation.
Type  H <return>  for immediate help.
 ...                                              
                                                  
l.5 ...Ä—è–¥–æ—á–Ω–æ–µ –¥–≤–∏–∂–µ–Ω–∏–µ –º–∞–ª—ã—Ö
                                                   —á–∞—Å—Ç–∏—Ü, –≤–∑–≤–µ—à–...

You may provide a definition with
\DeclareUnicodeCharacter 


! LaTeX Error: Unicode character —á (U+0447)
               not set up for use with LaTeX.

See the LaTeX manual or LaTeX Companion for explanation.
Type  H <return>  for immediate help.
 ...                                              
                                                  
l.5 ...–¥–æ—á–Ω–æ–µ –¥–≤–∏–∂–µ–Ω–∏–µ –º–∞–ª—ã—Ö —á
                                                  –∞—Å—Ç–∏—Ü, –≤–∑–≤–µ—à–µ–Ω...

You may provide a definition with
\DeclareUnicodeCharacter 


! LaTeX Error: Unicode character –∞ (U+0430)
               not set up for use with LaTeX.

See the LaTeX manual or LaTeX Companion for explanation.
Type  H <return>  for immediate help.
 ...                                              
                                                  
l.5 ...–æ—á–Ω–æ–µ –¥–≤–∏–∂–µ–Ω–∏–µ –º–∞–ª—ã—Ö —á–∞
                                                  —Å—Ç–∏—Ü, –≤–∑–≤–µ—à–µ–Ω–Ω...

You may provide a definition with
\DeclareUnicodeCharacter 


! LaTeX Error: Unicode character —Å (U+0441)
               not set up for use with LaTeX.

See the LaTeX manual or LaTeX Companion for explanation.
Type  H <return>  for immediate help.
 ...                                              
                                                  
l.5 ...—á–Ω–æ–µ –¥–≤–∏–∂–µ–Ω–∏–µ –º–∞–ª—ã—Ö —á–∞—Å
                                                  —Ç–∏—Ü, –≤–∑–≤–µ—à–µ–Ω–Ω—ã...

You may provide a definition with
\DeclareUnicodeCharacter 


! LaTeX Error: Unicode character —Ç (U+0442)
               not set up for use with LaTeX.

See the LaTeX manual or LaTeX Companion for explanation.
Type  H <return>  for immediate help.
 ...                                              
                                                  
l.5 ...–Ω–æ–µ –¥–≤–∏–∂–µ–Ω–∏–µ –º–∞–ª—ã—Ö —á–∞—Å—Ç
                                                  –∏—Ü, –≤–∑–≤–µ—à–µ–Ω–Ω—ã—Ö...

You may provide a definition with
\DeclareUnicodeCharacter 


! LaTeX Error: Unicode character –∏ (U+0438)
               not set up for use with LaTeX.

See the LaTeX manual or LaTeX Companion for explanation.
Type  H <return>  for immediate help.
 ...                                              
                                                  
l.5 ...–æ–µ –¥–≤–∏–∂–µ–Ω–∏–µ –º–∞–ª—ã—Ö —á–∞—Å—Ç–∏
                                                  —Ü, –≤–∑–≤–µ—à–µ–Ω–Ω—ã—Ö –...

You may provide a definition with
\DeclareUnicodeCharacter 


! LaTeX Error: Unicode character —Ü (U+0446)
               not set up for use with LaTeX.

See the LaTeX manual or LaTeX Companion for explanation.
Type  H <return>  for immediate help.
 ...                                              
                                                  
l.5 ...–µ –¥–≤–∏–∂–µ–Ω–∏–µ –º–∞–ª—ã—Ö —á–∞—Å—Ç–∏—Ü
                                                  , –≤–∑–≤–µ—à–µ–Ω–Ω—ã—Ö –≤ ...

You may provide a definition with
\DeclareUnicodeCharacter 

Missing character: There is no , in font nullfont!

! LaTeX Error: Unicode character –≤ (U+0432)
               not set up for use with LaTeX.

See the LaTeX manual or LaTeX Companion for explanation.
Type  H <return>  for immediate help.
 ...                                              
                                                  
l.5 ...¥–≤–∏–∂–µ–Ω–∏–µ –º–∞–ª—ã—Ö —á–∞—Å—Ç–∏—Ü, –≤
                                                  –∑–≤–µ—à–µ–Ω–Ω—ã—Ö –≤ –∂–∏...

You may provide a definition with
\DeclareUnicodeCharacter 


! LaTeX Error: Unicode character –∑ (U+0437)
               not set up for use with LaTeX.

See the LaTeX manual or LaTeX Companion for explanation.
Type  H <return>  for immediate help.
 ...                                              
                                                  
l.5 ...≤–∏–∂–µ–Ω–∏–µ –º–∞–ª—ã—Ö —á–∞—Å—Ç–∏—Ü, –≤–∑
                                                  –≤–µ—à–µ–Ω–Ω—ã—Ö –≤ –∂–∏–¥...

You may provide a definition with
\DeclareUnicodeCharacter 


! LaTeX Error: Unicode character –≤ (U+0432)
               not set up for use with LaTeX.

See the LaTeX manual or LaTeX Companion for explanation.
Type  H <return>  for immediate help.
 ...                                              
                                                  
l.5 ...∏–∂–µ–Ω–∏–µ –º–∞–ª—ã—Ö —á–∞—Å—Ç–∏—Ü, –≤–∑–≤
                                                  –µ—à–µ–Ω–Ω—ã—Ö –≤ –∂–∏–¥–∫...

You may provide a definition with
\DeclareUnicodeCharacter 


! LaTeX Error: Unicode character –µ (U+0435)
               not set up for use with LaTeX.

See the LaTeX manual or LaTeX Companion for explanation.
Type  H <return>  for immediate help.
 ...                                              
                                                  
l.5 ...∂–µ–Ω–∏–µ –º–∞–ª—ã—Ö —á–∞—Å—Ç–∏—Ü, –≤–∑–≤–µ
                                                  —à–µ–Ω–Ω—ã—Ö –≤ –∂–∏–¥–∫–æ...

You may provide a definition with
\DeclareUnicodeCharacter 


! LaTeX Error: Unicode character —à (U+0448)
               not set up for use with LaTeX.

See the LaTeX manual or LaTeX Companion for explanation.
Type  H <return>  for immediate help.
 ...                                              
                                                  
l.5 ...µ–Ω–∏–µ –º–∞–ª—ã—Ö —á–∞—Å—Ç–∏—Ü, –≤–∑–≤–µ—à
                                                  –µ–Ω–Ω—ã—Ö –≤ –∂–∏–¥–∫–æ—Å...

You may provide a definition with
\DeclareUnicodeCharacter 


! LaTeX Error: Unicode character –µ (U+0435)
               not set up for use with LaTeX.

See the LaTeX manual or LaTeX Companion for explanation.
Type  H <return>  for immediate help.
 ...                                              
                                                  
l.5 ...Ω–∏–µ –º–∞–ª—ã—Ö —á–∞—Å—Ç–∏—Ü, –≤–∑–≤–µ—à–µ
                                                  –Ω–Ω—ã—Ö –≤ –∂–∏–¥–∫–æ—Å—Ç...

You may provide a definition with
\DeclareUnicodeCharacter 


! LaTeX Error: Unicode character –Ω (U+043D)
               not set up for use with LaTeX.

See the LaTeX manual or LaTeX Companion for explanation.
Type  H <return>  for immediate help.
 ...                                              
                                                  
l.5 ...∏–µ –º–∞–ª—ã—Ö —á–∞—Å—Ç–∏—Ü, –≤–∑–≤–µ—à–µ–Ω
                                                  –Ω—ã—Ö –≤ –∂–∏–¥–∫–æ—Å—Ç–∏...

You may provide a definition with
\DeclareUnicodeCharacter 


! LaTeX Error: Unicode character –Ω (U+043D)
               not set up for use with LaTeX.

See the LaTeX manual or LaTeX Companion for explanation.
Type  H <return>  for immediate help.
 ...                                              
                                                  
l.5 ...µ –º–∞–ª—ã—Ö —á–∞—Å—Ç–∏—Ü, –≤–∑–≤–µ—à–µ–Ω–Ω
                                                  —ã—Ö –≤ –∂–∏–¥–∫–æ—Å—Ç–∏ –...

You may provide a definition with
\DeclareUnicodeCharacter 


! LaTeX Error: Unicode character —ã (U+044B)
               not set up for use with LaTeX.

See the LaTeX manual or LaTeX Companion for explanation.
Type  H <return>  for immediate help.
 ...                                              
                                                  
l.5 ...–º–∞–ª—ã—Ö —á–∞—Å—Ç–∏—Ü, –≤–∑–≤–µ—à–µ–Ω–Ω—ã
                                                  —Ö –≤ –∂–∏–¥–∫–æ—Å—Ç–∏ –∏–...

You may provide a definition with
\DeclareUnicodeCharacter 


! LaTeX Error: Unicode character —Ö (U+0445)
               not set up for use with LaTeX.

See the LaTeX manual or LaTeX Companion for explanation.
Type  H <return>  for immediate help.
 ...                                              
                                                  
l.5 ...–∞–ª—ã—Ö —á–∞—Å—Ç–∏—Ü, –≤–∑–≤–µ—à–µ–Ω–Ω—ã—Ö
                                                   –≤ –∂–∏–¥–∫–æ—Å—Ç–∏ –∏–ª–...

You may provide a definition with
\DeclareUnicodeCharacter 


! LaTeX Error: Unicode character –≤ (U+0432)
               not set up for use with LaTeX.

See the LaTeX manual or LaTeX Companion for explanation.
Type  H <return>  for immediate help.
 ...                                              
                                                  
l.5 ...ª—ã—Ö —á–∞—Å—Ç–∏—Ü, –≤–∑–≤–µ—à–µ–Ω–Ω—ã—Ö –≤
                                                   –∂–∏–¥–∫–æ—Å—Ç–∏ –∏–ª–∏ –...

You may provide a definition with
\DeclareUnicodeCharacter 


! LaTeX Error: Unicode character –∂ (U+0436)
               not set up for use with LaTeX.

See the LaTeX manual or LaTeX Companion for explanation.
Type  H <return>  for immediate help.
 ...                                              
                                                  
l.5 ...—Ö —á–∞—Å—Ç–∏—Ü, –≤–∑–≤–µ—à–µ–Ω–Ω—ã—Ö –≤ –∂
                                                  –∏–¥–∫–æ—Å—Ç–∏ –∏–ª–∏ –≥–∞...

You may provide a definition with
\DeclareUnicodeCharacter 


! LaTeX Error: Unicode character –∏ (U+0438)
               not set up for use with LaTeX.

See the LaTeX manual or LaTeX Companion for explanation.
Type  H <return>  for immediate help.
 ...                                              
                                                  
l.5 ... —á–∞—Å—Ç–∏—Ü, –≤–∑–≤–µ—à–µ–Ω–Ω—ã—Ö –≤ –∂–∏
                                                  –¥–∫–æ—Å—Ç–∏ –∏–ª–∏ –≥–∞–∑...

You may provide a definition with
\DeclareUnicodeCharacter 


! LaTeX Error: Unicode character –¥ (U+0434)
               not set up for use with LaTeX.

See the LaTeX manual or LaTeX Companion for explanation.
Type  H <return>  for immediate help.
 ...                                              
                                                  
l.5 ...á–∞—Å—Ç–∏—Ü, –≤–∑–≤–µ—à–µ–Ω–Ω—ã—Ö –≤ –∂–∏–¥
                                                  –∫–æ—Å—Ç–∏ –∏–ª–∏ –≥–∞–∑–µ...

You may provide a definition with
\DeclareUnicodeCharacter 


! LaTeX Error: Unicode character –∫ (U+043A)
               not set up for use with LaTeX.

See the LaTeX manual or LaTeX Companion for explanation.
Type  H <return>  for immediate help.
 ...                                              
                                                  
l.5 ...∞—Å—Ç–∏—Ü, –≤–∑–≤–µ—à–µ–Ω–Ω—ã—Ö –≤ –∂–∏–¥–∫
                                                  –æ—Å—Ç–∏ –∏–ª–∏ –≥–∞–∑–µ, ...
(That makes 100 errors; please try again.) 
Here is how much of TeX's memory you used:
 50 strings out of 478268
 745 string characters out of 5846348
 289381 words of memory out of 5000000
 18357 multiletter control sequences out of 15000+600000
 469567 words of font info for 29 fonts, out of 8000000 for 9000
 1141 hyphenation exceptions out of 8191
 14i,1n,12p,612b,79s stack positions out of 10000i,1000n,20000p,200000b,200000s

!  ==> Fatal error occurred, no output PDF file produced!
