This is pdfTeX, Version 3.141592653-2.6-1.40.24 (TeX Live 2022) (preloaded format=pdflatex 2022.7.3)  28 AUG 2022 11:47
entering extended mode
 restricted \write18 enabled.
 %&-line parsing enabled.
**lib.tex
(./lib.tex
LaTeX2e <2021-11-15> patch level 1
L3 programming layer <2022-02-24>
\bibdata{lib}
No file lib.bbl.
)
! Emergency stop.
<*> lib.tex
           
*** (job aborted, no legal \end found)

 
Here is how much of TeX's memory you used:
 19 strings out of 478268
 397 string characters out of 5846348
 289381 words of memory out of 5000000
 18327 multiletter control sequences out of 15000+600000
 469259 words of font info for 28 fonts, out of 8000000 for 9000
 1141 hyphenation exceptions out of 8191
 16i,0n,26p,91b,18s stack positions out of 10000i,1000n,20000p,200000b,200000s
!  ==> Fatal error occurred, no output PDF file produced!
