\BOOKMARK [0][-]{chapter*.1}{\376\377\004\022\004\062\004\065\004\064\004\065\004\075\004\070\004\065}{}% 1
\BOOKMARK [0][-]{chapter.1}{\376\377\004\020\004\075\004\060\004\073\004\070\004\102\004\070\004\107\004\065\004\101\004\072\004\060\004\117\000\040\004\107\004\060\004\101\004\102\004\114}{}% 2
\BOOKMARK [1][-]{section.1.1}{\376\377\004\020\004\075\004\060\004\073\004\070\004\067\000\040\004\060\004\073\004\063\004\076\004\100\004\070\004\102\004\074\004\076\004\062\000\040\004\103\004\064\004\060\004\073\004\065\004\075\004\070\004\117\000\040\004\075\004\065\004\062\004\070\004\064\004\070\004\074\004\113\004\105\000\040\004\073\004\070\004\075\004\070\004\071\000\040\004\070\000\040\004\077\004\076\004\062\004\065\004\100\004\105\004\075\004\076\004\101\004\102\004\065\004\071}{chapter.1}% 3
\BOOKMARK [2][-]{subsection.1.1.1}{\376\377\004\020\004\073\004\063\004\076\004\100\004\070\004\102\004\074\000\040\004\076\004\061\004\100\004\060\004\102\004\075\004\076\004\071\000\040\004\102\004\100\004\060\004\101\004\101\004\070\004\100\004\076\004\062\004\072\004\070}{section.1.1}% 4
\BOOKMARK [2][-]{subsection.1.1.2}{\376\377\004\020\004\073\004\063\004\076\004\100\004\070\004\102\004\074\000\040\004\040\004\076\004\061\004\065\004\100\004\102\004\101\004\060}{section.1.1}% 5
\BOOKMARK [2][-]{subsection.1.1.3}{\376\377\004\020\004\073\004\063\004\076\004\100\004\070\004\102\004\074\000,\000\040\004\070\004\101\004\077\004\076\004\073\004\114\004\067\004\103\004\116\004\111\004\070\004\071\000\040\000Z\000-\004\061\004\103\004\104\004\065\004\100}{section.1.1}% 6
\BOOKMARK [1][-]{section.1.2}{\376\377\004\020\004\075\004\060\004\073\004\070\004\067\000\040\004\074\004\065\004\102\004\076\004\064\004\076\004\062\000\040\004\067\004\060\004\072\004\100\004\060\004\110\004\070\004\062\004\060\004\075\004\070\004\117}{chapter.1}% 7
\BOOKMARK [2][-]{subsection.1.2.1}{\376\377\004\037\004\100\004\076\004\101\004\102\004\060\004\117\000\040\004\067\004\060\004\072\004\100\004\060\004\101\004\072\004\060}{section.1.2}% 8
\BOOKMARK [2][-]{subsection.1.2.2}{\376\377\004\027\004\060\004\072\004\100\004\060\004\101\004\072\004\060\000\040\004\077\004\076\000\040\004\023\004\103\004\100\004\076}{section.1.2}% 9
\BOOKMARK [2][-]{subsection.1.2.3}{\376\377\004\027\004\060\004\072\004\100\004\060\004\101\004\072\004\060\000\040\004\077\004\076\000\040\004\044\004\076\004\075\004\063\004\103}{section.1.2}% 10
\BOOKMARK [0][-]{chapter.2}{\376\377\004\032\004\076\004\075\004\101\004\102\004\100\004\103\004\072\004\102\004\076\004\100\004\101\004\072\004\060\004\117\000\040\004\107\004\060\004\101\004\102\004\114}{}% 11
\BOOKMARK [1][-]{section.2.1}{\376\377\004\037\004\076\004\075\004\117\004\102\004\070\004\065\000\040\004\061\004\100\004\076\004\103\004\075\004\076\004\062\004\101\004\072\004\076\004\063\004\076\000\040\004\064\004\062\004\070\004\066\004\065\004\075\004\070\004\117}{chapter.2}% 12
\BOOKMARK [1][-]{section.2.2}{\376\377\004\034\004\076\004\064\004\065\004\073\004\070\004\100\004\076\004\062\004\060\004\075\004\070\004\065\000\040\004\061\004\100\004\076\004\103\004\075\004\076\004\062\004\101\004\072\004\076\004\063\004\076\000\040\004\064\004\062\004\070\004\066\004\065\004\075\004\070\004\117}{chapter.2}% 13
\BOOKMARK [2][-]{subsection.2.2.1}{\376\377\004\032\004\073\004\060\004\101\004\101\004\070\004\107\004\065\004\101\004\072\004\076\004\065\000\040\004\061\004\100\004\076\004\103\004\075\004\076\004\062\004\101\004\072\004\076\004\065\000\040\004\064\004\062\004\070\004\066\004\065\004\075\004\070\004\065}{section.2.2}% 14
\BOOKMARK [2][-]{subsection.2.2.2}{\376\377\004\020\004\073\004\063\004\076\004\100\004\070\004\102\004\074\000\040\004\101\004\100\004\065\004\064\004\070\004\075\004\075\004\113\004\105\000\040\004\101\004\074\004\065\004\111\004\065\004\075\004\070\004\071}{section.2.2}% 15
\BOOKMARK [2][-]{subsection.2.2.3}{\376\377\004\044\004\100\004\060\004\072\004\102\004\060\004\073\004\114\004\075\004\076\004\065\000\040\004\061\004\100\004\076\004\103\004\075\004\076\004\062\004\101\004\072\004\076\004\065\000\040\004\064\004\062\004\070\004\066\004\065\004\075\004\070\004\065}{section.2.2}% 16
\BOOKMARK [1][-]{section.2.3}{\376\377\004\044\004\076\004\100\004\074\004\060\004\073\004\070\004\067\004\060\004\106\004\070\004\117\000\040\004\074\004\076\004\064\004\065\004\073\004\070}{chapter.2}% 17
\BOOKMARK [1][-]{section.2.4}{\376\377\004\042\004\100\004\065\004\061\004\076\004\062\004\060\004\075\004\070\004\117\000\040\004\072\000\040\004\077\004\100\004\076\004\063\004\100\004\060\004\074\004\074\004\075\004\076\004\074\004\103\000\040\004\076\004\061\004\065\004\101\004\077\004\065\004\107\004\065\004\075\004\070\004\116}{chapter.2}% 18
\BOOKMARK [0][-]{chapter.3}{\376\377\004\042\004\065\004\105\004\075\004\076\004\073\004\076\004\063\004\070\004\107\004\065\004\101\004\072\004\060\004\117\000\040\004\107\004\060\004\101\004\102\004\114}{}% 19
\BOOKMARK [1][-]{section.3.1}{\376\377\004\041\004\100\004\065\004\064\004\101\004\102\004\062\004\060\000\040\004\100\004\065\004\060\004\073\004\070\004\067\004\060\004\106\004\070\004\070}{chapter.3}% 20
\BOOKMARK [1][-]{section.3.2}{\376\377\004\022\004\113\004\061\004\076\004\100\000\040\004\077\004\100\004\076\004\063\004\100\004\060\004\074\004\074\004\075\004\076\004\063\004\076\000\040\004\076\004\061\004\065\004\101\004\077\004\065\004\107\004\065\004\075\004\070\004\117}{chapter.3}% 21
\BOOKMARK [2][-]{subsection.3.2.1}{\376\377\000S\000w\000i\000n\000g}{section.3.2}% 22
\BOOKMARK [2][-]{subsection.3.2.2}{\376\377\000J\000a\000v\000a\000F\000X}{section.3.2}% 23
\BOOKMARK [1][-]{section.3.3}{\376\377\004\036\004\077\004\070\004\101\004\060\004\075\004\070\004\065\000\040\004\070\004\101\004\077\004\076\004\073\004\114\004\067\004\103\004\065\004\074\004\113\004\105\000\040\004\102\004\070\004\077\004\076\004\062\000\040\004\070\000\040\004\101\004\102\004\100\004\103\004\072\004\102\004\103\004\100\000\040\004\064\004\060\004\075\004\075\004\113\004\105}{chapter.3}% 24
\BOOKMARK [0][-]{chapter*.10}{\376\377\004\027\004\060\004\072\004\073\004\116\004\107\004\065\004\075\004\070\004\065}{}% 25
\BOOKMARK [0][-]{chapter*.10}{\376\377\004\033\004\070\004\102\004\065\004\100\004\060\004\102\004\103\004\100\004\060}{}% 26
