This is pdfTeX, Version 3.141592653-2.6-1.40.24 (TeX Live 2022) (preloaded format=pdflatex 2022.7.3)  6 AUG 2022 14:01
entering extended mode
 restricted \write18 enabled.
 %&-line parsing enabled.
**introd.tex
(./introd.tex
LaTeX2e <2021-11-15> patch level 1
L3 programming layer <2022-02-24>
! Undefined control sequence.
l.1 \chapter
            *{–í–≤–µ–¥–µ–Ω–∏–µ}
The control sequence at the end of the top line
of your error message was never \def'ed. If you have
misspelled it (e.g., `\hobx'), type `I' and the correct
spelling (e.g., `I\hbox'). Otherwise just continue,
and I'll forget about whatever was undefined.


! LaTeX Error: Missing \begin{document}.

See the LaTeX manual or LaTeX Companion for explanation.
Type  H <return>  for immediate help.
 ...                                              
                                                  
l.1 \chapter*
             {–í–≤–µ–¥–µ–Ω–∏–µ}
You're in trouble here.  Try typing  <return>  to proceed.
If that doesn't work, type  X <return>  to quit.

Missing character: There is no * in font nullfont!

! LaTeX Error: Unicode character –í (U+0412)
               not set up for use with LaTeX.

See the LaTeX manual or LaTeX Companion for explanation.
Type  H <return>  for immediate help.
 ...                                              
                                                  
l.1 \chapter*{–í
                –≤–µ–¥–µ–Ω–∏–µ}
You may provide a definition with
\DeclareUnicodeCharacter 


! LaTeX Error: Unicode character –≤ (U+0432)
               not set up for use with LaTeX.

See the LaTeX manual or LaTeX Companion for explanation.
Type  H <return>  for immediate help.
 ...                                              
                                                  
l.1 \chapter*{–í–≤
                  –µ–¥–µ–Ω–∏–µ}
You may provide a definition with
\DeclareUnicodeCharacter 


! LaTeX Error: Unicode character –µ (U+0435)
               not set up for use with LaTeX.

See the LaTeX manual or LaTeX Companion for explanation.
Type  H <return>  for immediate help.
 ...                                              
                                                  
l.1 \chapter*{–í–≤–µ
                    –¥–µ–Ω–∏–µ}
You may provide a definition with
\DeclareUnicodeCharacter 


! LaTeX Error: Unicode character –¥ (U+0434)
               not set up for use with LaTeX.

See the LaTeX manual or LaTeX Companion for explanation.
Type  H <return>  for immediate help.
 ...                                              
                                                  
l.1 \chapter*{–í–≤–µ–¥
                      –µ–Ω–∏–µ}
You may provide a definition with
\DeclareUnicodeCharacter 


! LaTeX Error: Unicode character –µ (U+0435)
               not set up for use with LaTeX.

See the LaTeX manual or LaTeX Companion for explanation.
Type  H <return>  for immediate help.
 ...                                              
                                                  
l.1 \chapter*{–í–≤–µ–¥–µ
                        –Ω–∏–µ}
You may provide a definition with
\DeclareUnicodeCharacter 


! LaTeX Error: Unicode character –Ω (U+043D)
               not set up for use with LaTeX.

See the LaTeX manual or LaTeX Companion for explanation.
Type  H <return>  for immediate help.
 ...                                              
                                                  
l.1 \chapter*{–í–≤–µ–¥–µ–Ω
                          –∏–µ}
You may provide a definition with
\DeclareUnicodeCharacter 


! LaTeX Error: Unicode character –∏ (U+0438)
               not set up for use with LaTeX.

See the LaTeX manual or LaTeX Companion for explanation.
Type  H <return>  for immediate help.
 ...                                              
                                                  
l.1 \chapter*{–í–≤–µ–¥–µ–Ω–∏
                            –µ}
You may provide a definition with
\DeclareUnicodeCharacter 


! LaTeX Error: Unicode character –µ (U+0435)
               not set up for use with LaTeX.

See the LaTeX manual or LaTeX Companion for explanation.
Type  H <return>  for immediate help.
 ...                                              
                                                  
l.1 \chapter*{–í–≤–µ–¥–µ–Ω–∏–µ
                              }
You may provide a definition with
\DeclareUnicodeCharacter 


Overfull \hbox (20.0pt too wide) in paragraph at lines 1--3
[]
 []


! LaTeX Error: Missing \begin{document}.

See the LaTeX manual or LaTeX Companion for explanation.
Type  H <return>  for immediate help.
 ...                                              
                                                  
l.5 F
     FFFFFFFFF –í —Å–æ–≤—Ä–µ–º–µ–Ω–Ω–æ–º –º–∏—Ä–µ –∫–æ–º–ø—å—é—Ç–µ—Ä–Ω–∞—è –...

You're in trouble here.  Try typing  <return>  to proceed.
If that doesn't work, type  X <return>  to quit.

Missing character: There is no F in font nullfont!
Missing character: There is no F in font nullfont!
Missing character: There is no F in font nullfont!
Missing character: There is no F in font nullfont!
Missing character: There is no F in font nullfont!
Missing character: There is no F in font nullfont!
Missing character: There is no F in font nullfont!
Missing character: There is no F in font nullfont!
Missing character: There is no F in font nullfont!
Missing character: There is no F in font nullfont!

! LaTeX Error: Unicode character –í (U+0412)
               not set up for use with LaTeX.

See the LaTeX manual or LaTeX Companion for explanation.
Type  H <return>  for immediate help.
 ...                                              
                                                  
l.5 FFFFFFFFFF –í
                  —Å–æ–≤—Ä–µ–º–µ–Ω–Ω–æ–º –º–∏—Ä–µ –∫–æ–º–ø—å—é—Ç–µ—Ä–Ω–∞—è –...

You may provide a definition with
\DeclareUnicodeCharacter 


! LaTeX Error: Unicode character —Å (U+0441)
               not set up for use with LaTeX.

See the LaTeX manual or LaTeX Companion for explanation.
Type  H <return>  for immediate help.
 ...                                              
                                                  
l.5 FFFFFFFFFF –í —Å
                    –æ–≤—Ä–µ–º–µ–Ω–Ω–æ–º –º–∏—Ä–µ –∫–æ–º–ø—å—é—Ç–µ—Ä–Ω–∞—è –...

You may provide a definition with
\DeclareUnicodeCharacter 


! LaTeX Error: Unicode character –æ (U+043E)
               not set up for use with LaTeX.

See the LaTeX manual or LaTeX Companion for explanation.
Type  H <return>  for immediate help.
 ...                                              
                                                  
l.5 FFFFFFFFFF –í —Å–æ
                      –≤—Ä–µ–º–µ–Ω–Ω–æ–º –º–∏—Ä–µ –∫–æ–º–ø—å—é—Ç–µ—Ä–Ω–∞—è –...

You may provide a definition with
\DeclareUnicodeCharacter 


! LaTeX Error: Unicode character –≤ (U+0432)
               not set up for use with LaTeX.

See the LaTeX manual or LaTeX Companion for explanation.
Type  H <return>  for immediate help.
 ...                                              
                                                  
l.5 FFFFFFFFFF –í —Å–æ–≤
                        —Ä–µ–º–µ–Ω–Ω–æ–º –º–∏—Ä–µ –∫–æ–º–ø—å—é—Ç–µ—Ä–Ω–∞—è –...

You may provide a definition with
\DeclareUnicodeCharacter 


! LaTeX Error: Unicode character —Ä (U+0440)
               not set up for use with LaTeX.

See the LaTeX manual or LaTeX Companion for explanation.
Type  H <return>  for immediate help.
 ...                                              
                                                  
l.5 FFFFFFFFFF –í —Å–æ–≤—Ä
                          –µ–º–µ–Ω–Ω–æ–º –º–∏—Ä–µ –∫–æ–º–ø—å—é—Ç–µ—Ä–Ω–∞—è –...

You may provide a definition with
\DeclareUnicodeCharacter 


! LaTeX Error: Unicode character –µ (U+0435)
               not set up for use with LaTeX.

See the LaTeX manual or LaTeX Companion for explanation.
Type  H <return>  for immediate help.
 ...                                              
                                                  
l.5 FFFFFFFFFF –í —Å–æ–≤—Ä–µ
                            –º–µ–Ω–Ω–æ–º –º–∏—Ä–µ –∫–æ–º–ø—å—é—Ç–µ—Ä–Ω–∞—è –...

You may provide a definition with
\DeclareUnicodeCharacter 


! LaTeX Error: Unicode character –º (U+043C)
               not set up for use with LaTeX.

See the LaTeX manual or LaTeX Companion for explanation.
Type  H <return>  for immediate help.
 ...                                              
                                                  
l.5 FFFFFFFFFF –í —Å–æ–≤—Ä–µ–º
                              –µ–Ω–Ω–æ–º –º–∏—Ä–µ –∫–æ–º–ø—å—é—Ç–µ—Ä–Ω–∞—è –...

You may provide a definition with
\DeclareUnicodeCharacter 


! LaTeX Error: Unicode character –µ (U+0435)
               not set up for use with LaTeX.

See the LaTeX manual or LaTeX Companion for explanation.
Type  H <return>  for immediate help.
 ...                                              
                                                  
l.5 FFFFFFFFFF –í —Å–æ–≤—Ä–µ–º–µ
                                –Ω–Ω–æ–º –º–∏—Ä–µ –∫–æ–º–ø—å—é—Ç–µ—Ä–Ω–∞—è –...

You may provide a definition with
\DeclareUnicodeCharacter 


! LaTeX Error: Unicode character –Ω (U+043D)
               not set up for use with LaTeX.

See the LaTeX manual or LaTeX Companion for explanation.
Type  H <return>  for immediate help.
 ...                                              
                                                  
l.5 FFFFFFFFFF –í —Å–æ–≤—Ä–µ–º–µ–Ω
                                  –Ω–æ–º –º–∏—Ä–µ –∫–æ–º–ø—å—é—Ç–µ—Ä–Ω–∞—è –...

You may provide a definition with
\DeclareUnicodeCharacter 


! LaTeX Error: Unicode character –Ω (U+043D)
               not set up for use with LaTeX.

See the LaTeX manual or LaTeX Companion for explanation.
Type  H <return>  for immediate help.
 ...                                              
                                                  
l.5 FFFFFFFFFF –í —Å–æ–≤—Ä–µ–º–µ–Ω–Ω
                                    –æ–º –º–∏—Ä–µ –∫–æ–º–ø—å—é—Ç–µ—Ä–Ω–∞—è –...

You may provide a definition with
\DeclareUnicodeCharacter 


! LaTeX Error: Unicode character –æ (U+043E)
               not set up for use with LaTeX.

See the LaTeX manual or LaTeX Companion for explanation.
Type  H <return>  for immediate help.
 ...                                              
                                                  
l.5 FFFFFFFFFF –í —Å–æ–≤—Ä–µ–º–µ–Ω–Ω–æ
                                      –º –º–∏—Ä–µ –∫–æ–º–ø—å—é—Ç–µ—Ä–Ω–∞—è –...

You may provide a definition with
\DeclareUnicodeCharacter 


! LaTeX Error: Unicode character –º (U+043C)
               not set up for use with LaTeX.

See the LaTeX manual or LaTeX Companion for explanation.
Type  H <return>  for immediate help.
 ...                                              
                                                  
l.5 FFFFFFFFFF –í —Å–æ–≤—Ä–µ–º–µ–Ω–Ω–æ–º
                                         –º–∏—Ä–µ –∫–æ–º–ø—å—é—Ç–µ—Ä–Ω–∞—è –...

You may provide a definition with
\DeclareUnicodeCharacter 


! LaTeX Error: Unicode character –º (U+043C)
               not set up for use with LaTeX.

See the LaTeX manual or LaTeX Companion for explanation.
Type  H <return>  for immediate help.
 ...                                              
                                                  
l.5 FFFFFFFFFF –í —Å–æ–≤—Ä–µ–º–µ–Ω–Ω–æ–º –º
                                           –∏—Ä–µ –∫–æ–º–ø—å—é—Ç–µ—Ä–Ω–∞—è –...

You may provide a definition with
\DeclareUnicodeCharacter 


! LaTeX Error: Unicode character –∏ (U+0438)
               not set up for use with LaTeX.

See the LaTeX manual or LaTeX Companion for explanation.
Type  H <return>  for immediate help.
 ...                                              
                                                  
l.5 FFFFFFFFFF –í —Å–æ–≤—Ä–µ–º–µ–Ω–Ω–æ–º –º–∏
                                             —Ä–µ –∫–æ–º–ø—å—é—Ç–µ—Ä–Ω–∞—è –...

You may provide a definition with
\DeclareUnicodeCharacter 


! LaTeX Error: Unicode character —Ä (U+0440)
               not set up for use with LaTeX.

See the LaTeX manual or LaTeX Companion for explanation.
Type  H <return>  for immediate help.
 ...                                              
                                                  
l.5 FFFFFFFFFF –í —Å–æ–≤—Ä–µ–º–µ–Ω–Ω–æ–º –º–∏—Ä
                                               –µ –∫–æ–º–ø—å—é—Ç–µ—Ä–Ω–∞—è –...

You may provide a definition with
\DeclareUnicodeCharacter 


! LaTeX Error: Unicode character –µ (U+0435)
               not set up for use with LaTeX.

See the LaTeX manual or LaTeX Companion for explanation.
Type  H <return>  for immediate help.
 ...                                              
                                                  
l.5 FFFFFFFFFF –í —Å–æ–≤—Ä–µ–º–µ–Ω–Ω–æ–º –º–∏—Ä–µ
                                                  –∫–æ–º–ø—å—é—Ç–µ—Ä–Ω–∞—è –...

You may provide a definition with
\DeclareUnicodeCharacter 


! LaTeX Error: Unicode character –∫ (U+043A)
               not set up for use with LaTeX.

See the LaTeX manual or LaTeX Companion for explanation.
Type  H <return>  for immediate help.
 ...                                              
                                                  
l.5 ...FFFFF –í —Å–æ–≤—Ä–µ–º–µ–Ω–Ω–æ–º –º–∏—Ä–µ –∫
                                                  –æ–º–ø—å—é—Ç–µ—Ä–Ω–∞—è –≥—...

You may provide a definition with
\DeclareUnicodeCharacter 


! LaTeX Error: Unicode character –æ (U+043E)
               not set up for use with LaTeX.

See the LaTeX manual or LaTeX Companion for explanation.
Type  H <return>  for immediate help.
 ...                                              
                                                  
l.5 ...FFF –í —Å–æ–≤—Ä–µ–º–µ–Ω–Ω–æ–º –º–∏—Ä–µ –∫–æ
                                                  –º–ø—å—é—Ç–µ—Ä–Ω–∞—è –≥—Ä–...

You may provide a definition with
\DeclareUnicodeCharacter 


! LaTeX Error: Unicode character –º (U+043C)
               not set up for use with LaTeX.

See the LaTeX manual or LaTeX Companion for explanation.
Type  H <return>  for immediate help.
 ...                                              
                                                  
l.5 ...F –í —Å–æ–≤—Ä–µ–º–µ–Ω–Ω–æ–º –º–∏—Ä–µ –∫–æ–º
                                                  –ø—å—é—Ç–µ—Ä–Ω–∞—è –≥—Ä–∞—...

You may provide a definition with
\DeclareUnicodeCharacter 


! LaTeX Error: Unicode character –ø (U+043F)
               not set up for use with LaTeX.

See the LaTeX manual or LaTeX Companion for explanation.
Type  H <return>  for immediate help.
 ...                                              
                                                  
l.5 ...–í —Å–æ–≤—Ä–µ–º–µ–Ω–Ω–æ–º –º–∏—Ä–µ –∫–æ–º–ø
                                                  —å—é—Ç–µ—Ä–Ω–∞—è –≥—Ä–∞—Ñ–...

You may provide a definition with
\DeclareUnicodeCharacter 


! LaTeX Error: Unicode character —å (U+044C)
               not set up for use with LaTeX.

See the LaTeX manual or LaTeX Companion for explanation.
Type  H <return>  for immediate help.
 ...                                              
                                                  
l.5 ... —Å–æ–≤—Ä–µ–º–µ–Ω–Ω–æ–º –º–∏—Ä–µ –∫–æ–º–ø—å
                                                  —é—Ç–µ—Ä–Ω–∞—è –≥—Ä–∞—Ñ–∏–...

You may provide a definition with
\DeclareUnicodeCharacter 


! LaTeX Error: Unicode character —é (U+044E)
               not set up for use with LaTeX.

See the LaTeX manual or LaTeX Companion for explanation.
Type  H <return>  for immediate help.
 ...                                              
                                                  
l.5 ...Å–æ–≤—Ä–µ–º–µ–Ω–Ω–æ–º –º–∏—Ä–µ –∫–æ–º–ø—å—é
                                                  —Ç–µ—Ä–Ω–∞—è –≥—Ä–∞—Ñ–∏–∫–...

You may provide a definition with
\DeclareUnicodeCharacter 


! LaTeX Error: Unicode character —Ç (U+0442)
               not set up for use with LaTeX.

See the LaTeX manual or LaTeX Companion for explanation.
Type  H <return>  for immediate help.
 ...                                              
                                                  
l.5 ...æ–≤—Ä–µ–º–µ–Ω–Ω–æ–º –º–∏—Ä–µ –∫–æ–º–ø—å—é—Ç
                                                  –µ—Ä–Ω–∞—è –≥—Ä–∞—Ñ–∏–∫–∞ ...

You may provide a definition with
\DeclareUnicodeCharacter 


! LaTeX Error: Unicode character –µ (U+0435)
               not set up for use with LaTeX.

See the LaTeX manual or LaTeX Companion for explanation.
Type  H <return>  for immediate help.
 ...                                              
                                                  
l.5 ...≤—Ä–µ–º–µ–Ω–Ω–æ–º –º–∏—Ä–µ –∫–æ–º–ø—å—é—Ç–µ
                                                  —Ä–Ω–∞—è –≥—Ä–∞—Ñ–∏–∫–∞ –≤...

You may provide a definition with
\DeclareUnicodeCharacter 


! LaTeX Error: Unicode character —Ä (U+0440)
               not set up for use with LaTeX.

See the LaTeX manual or LaTeX Companion for explanation.
Type  H <return>  for immediate help.
 ...                                              
                                                  
l.5 ...Ä–µ–º–µ–Ω–Ω–æ–º –º–∏—Ä–µ –∫–æ–º–ø—å—é—Ç–µ—Ä
                                                  –Ω–∞—è –≥—Ä–∞—Ñ–∏–∫–∞ –≤—ã...

You may provide a definition with
\DeclareUnicodeCharacter 


! LaTeX Error: Unicode character –Ω (U+043D)
               not set up for use with LaTeX.

See the LaTeX manual or LaTeX Companion for explanation.
Type  H <return>  for immediate help.
 ...                                              
                                                  
l.5 ...µ–º–µ–Ω–Ω–æ–º –º–∏—Ä–µ –∫–æ–º–ø—å—é—Ç–µ—Ä–Ω
                                                  –∞—è –≥—Ä–∞—Ñ–∏–∫–∞ –≤—ã—à...

You may provide a definition with
\DeclareUnicodeCharacter 


! LaTeX Error: Unicode character –∞ (U+0430)
               not set up for use with LaTeX.

See the LaTeX manual or LaTeX Companion for explanation.
Type  H <return>  for immediate help.
 ...                                              
                                                  
l.5 ...º–µ–Ω–Ω–æ–º –º–∏—Ä–µ –∫–æ–º–ø—å—é—Ç–µ—Ä–Ω–∞
                                                  —è –≥—Ä–∞—Ñ–∏–∫–∞ –≤—ã—à–ª...

You may provide a definition with
\DeclareUnicodeCharacter 


! LaTeX Error: Unicode character —è (U+044F)
               not set up for use with LaTeX.

See the LaTeX manual or LaTeX Companion for explanation.
Type  H <return>  for immediate help.
 ...                                              
                                                  
l.5 ...µ–Ω–Ω–æ–º –º–∏—Ä–µ –∫–æ–º–ø—å—é—Ç–µ—Ä–Ω–∞—è
                                                   –≥—Ä–∞—Ñ–∏–∫–∞ –≤—ã—à–ª–∞...

You may provide a definition with
\DeclareUnicodeCharacter 


! LaTeX Error: Unicode character –≥ (U+0433)
               not set up for use with LaTeX.

See the LaTeX manual or LaTeX Companion for explanation.
Type  H <return>  for immediate help.
 ...                                              
                                                  
l.5 ...–Ω–æ–º –º–∏—Ä–µ –∫–æ–º–ø—å—é—Ç–µ—Ä–Ω–∞—è –≥
                                                  —Ä–∞—Ñ–∏–∫–∞ –≤—ã—à–ª–∞ –Ω...

You may provide a definition with
\DeclareUnicodeCharacter 


! LaTeX Error: Unicode character —Ä (U+0440)
               not set up for use with LaTeX.

See the LaTeX manual or LaTeX Companion for explanation.
Type  H <return>  for immediate help.
 ...                                              
                                                  
l.5 ...–æ–º –º–∏—Ä–µ –∫–æ–º–ø—å—é—Ç–µ—Ä–Ω–∞—è –≥—Ä
                                                  –∞—Ñ–∏–∫–∞ –≤—ã—à–ª–∞ –Ω–∞...

You may provide a definition with
\DeclareUnicodeCharacter 


! LaTeX Error: Unicode character –∞ (U+0430)
               not set up for use with LaTeX.

See the LaTeX manual or LaTeX Companion for explanation.
Type  H <return>  for immediate help.
 ...                                              
                                                  
l.5 ...–º –º–∏—Ä–µ –∫–æ–º–ø—å—é—Ç–µ—Ä–Ω–∞—è –≥—Ä–∞
                                                  —Ñ–∏–∫–∞ –≤—ã—à–ª–∞ –Ω–∞ —...

You may provide a definition with
\DeclareUnicodeCharacter 


! LaTeX Error: Unicode character —Ñ (U+0444)
               not set up for use with LaTeX.

See the LaTeX manual or LaTeX Companion for explanation.
Type  H <return>  for immediate help.
 ...                                              
                                                  
l.5 ... –º–∏—Ä–µ –∫–æ–º–ø—å—é—Ç–µ—Ä–Ω–∞—è –≥—Ä–∞—Ñ
                                                  –∏–∫–∞ –≤—ã—à–ª–∞ –Ω–∞ —Å–...

You may provide a definition with
\DeclareUnicodeCharacter 


! LaTeX Error: Unicode character –∏ (U+0438)
               not set up for use with LaTeX.

See the LaTeX manual or LaTeX Companion for explanation.
Type  H <return>  for immediate help.
 ...                                              
                                                  
l.5 ...º–∏—Ä–µ –∫–æ–º–ø—å—é—Ç–µ—Ä–Ω–∞—è –≥—Ä–∞—Ñ–∏
                                                  –∫–∞ –≤—ã—à–ª–∞ –Ω–∞ —Å–æ–...

You may provide a definition with
\DeclareUnicodeCharacter 


! LaTeX Error: Unicode character –∫ (U+043A)
               not set up for use with LaTeX.

See the LaTeX manual or LaTeX Companion for explanation.
Type  H <return>  for immediate help.
 ...                                              
                                                  
l.5 ...∏—Ä–µ –∫–æ–º–ø—å—é—Ç–µ—Ä–Ω–∞—è –≥—Ä–∞—Ñ–∏–∫
                                                  –∞ –≤—ã—à–ª–∞ –Ω–∞ —Å–æ–≤–...

You may provide a definition with
\DeclareUnicodeCharacter 


! LaTeX Error: Unicode character –∞ (U+0430)
               not set up for use with LaTeX.

See the LaTeX manual or LaTeX Companion for explanation.
Type  H <return>  for immediate help.
 ...                                              
                                                  
l.5 ...Ä–µ –∫–æ–º–ø—å—é—Ç–µ—Ä–Ω–∞—è –≥—Ä–∞—Ñ–∏–∫–∞
                                                   –≤—ã—à–ª–∞ –Ω–∞ —Å–æ–≤–µ—...

You may provide a definition with
\DeclareUnicodeCharacter 


! LaTeX Error: Unicode character –≤ (U+0432)
               not set up for use with LaTeX.

See the LaTeX manual or LaTeX Companion for explanation.
Type  H <return>  for immediate help.
 ...                                              
                                                  
l.5 ... –∫–æ–º–ø—å—é—Ç–µ—Ä–Ω–∞—è –≥—Ä–∞—Ñ–∏–∫–∞ –≤
                                                  —ã—à–ª–∞ –Ω–∞ —Å–æ–≤–µ—Ä—à...

You may provide a definition with
\DeclareUnicodeCharacter 


! LaTeX Error: Unicode character —ã (U+044B)
               not set up for use with LaTeX.

See the LaTeX manual or LaTeX Companion for explanation.
Type  H <return>  for immediate help.
 ...                                              
                                                  
l.5 ...∫–æ–º–ø—å—é—Ç–µ—Ä–Ω–∞—è –≥—Ä–∞—Ñ–∏–∫–∞ –≤—ã
                                                  —à–ª–∞ –Ω–∞ —Å–æ–≤–µ—Ä—à–µ...

You may provide a definition with
\DeclareUnicodeCharacter 


! LaTeX Error: Unicode character —à (U+0448)
               not set up for use with LaTeX.

See the LaTeX manual or LaTeX Companion for explanation.
Type  H <return>  for immediate help.
 ...                                              
                                                  
l.5 ...æ–º–ø—å—é—Ç–µ—Ä–Ω–∞—è –≥—Ä–∞—Ñ–∏–∫–∞ –≤—ã—à
                                                  –ª–∞ –Ω–∞ —Å–æ–≤–µ—Ä—à–µ–Ω...

You may provide a definition with
\DeclareUnicodeCharacter 


! LaTeX Error: Unicode character –ª (U+043B)
               not set up for use with LaTeX.

See the LaTeX manual or LaTeX Companion for explanation.
Type  H <return>  for immediate help.
 ...                                              
                                                  
l.5 ...º–ø—å—é—Ç–µ—Ä–Ω–∞—è –≥—Ä–∞—Ñ–∏–∫–∞ –≤—ã—à–ª
                                                  –∞ –Ω–∞ —Å–æ–≤–µ—Ä—à–µ–Ω–Ω...

You may provide a definition with
\DeclareUnicodeCharacter 


! LaTeX Error: Unicode character –∞ (U+0430)
               not set up for use with LaTeX.

See the LaTeX manual or LaTeX Companion for explanation.
Type  H <return>  for immediate help.
 ...                                              
                                                  
l.5 ...ø—å—é—Ç–µ—Ä–Ω–∞—è –≥—Ä–∞—Ñ–∏–∫–∞ –≤—ã—à–ª–∞
                                                   –Ω–∞ —Å–æ–≤–µ—Ä—à–µ–Ω–Ω–æ...

You may provide a definition with
\DeclareUnicodeCharacter 


! LaTeX Error: Unicode character –Ω (U+043D)
               not set up for use with LaTeX.

See the LaTeX manual or LaTeX Companion for explanation.
Type  H <return>  for immediate help.
 ...                                              
                                                  
l.5 ...—é—Ç–µ—Ä–Ω–∞—è –≥—Ä–∞—Ñ–∏–∫–∞ –≤—ã—à–ª–∞ –Ω
                                                  –∞ —Å–æ–≤–µ—Ä—à–µ–Ω–Ω–æ –Ω...

You may provide a definition with
\DeclareUnicodeCharacter 


! LaTeX Error: Unicode character –∞ (U+0430)
               not set up for use with LaTeX.

See the LaTeX manual or LaTeX Companion for explanation.
Type  H <return>  for immediate help.
 ...                                              
                                                  
l.5 ...—Ç–µ—Ä–Ω–∞—è –≥—Ä–∞—Ñ–∏–∫–∞ –≤—ã—à–ª–∞ –Ω–∞
                                                   —Å–æ–≤–µ—Ä—à–µ–Ω–Ω–æ –Ω–æ...

You may provide a definition with
\DeclareUnicodeCharacter 


! LaTeX Error: Unicode character —Å (U+0441)
               not set up for use with LaTeX.

See the LaTeX manual or LaTeX Companion for explanation.
Type  H <return>  for immediate help.
 ...                                              
                                                  
l.5 ...µ—Ä–Ω–∞—è –≥—Ä–∞—Ñ–∏–∫–∞ –≤—ã—à–ª–∞ –Ω–∞ —Å
                                                  –æ–≤–µ—Ä—à–µ–Ω–Ω–æ –Ω–æ–≤—...

You may provide a definition with
\DeclareUnicodeCharacter 


! LaTeX Error: Unicode character –æ (U+043E)
               not set up for use with LaTeX.

See the LaTeX manual or LaTeX Companion for explanation.
Type  H <return>  for immediate help.
 ...                                              
                                                  
l.5 ...Ä–Ω–∞—è –≥—Ä–∞—Ñ–∏–∫–∞ –≤—ã—à–ª–∞ –Ω–∞ —Å–æ
                                                  –≤–µ—Ä—à–µ–Ω–Ω–æ –Ω–æ–≤—ã–...

You may provide a definition with
\DeclareUnicodeCharacter 


! LaTeX Error: Unicode character –≤ (U+0432)
               not set up for use with LaTeX.

See the LaTeX manual or LaTeX Companion for explanation.
Type  H <return>  for immediate help.
 ...                                              
                                                  
l.5 ...Ω–∞—è –≥—Ä–∞—Ñ–∏–∫–∞ –≤—ã—à–ª–∞ –Ω–∞ —Å–æ–≤
                                                  –µ—Ä—à–µ–Ω–Ω–æ –Ω–æ–≤—ã–π ...

You may provide a definition with
\DeclareUnicodeCharacter 


! LaTeX Error: Unicode character –µ (U+0435)
               not set up for use with LaTeX.

See the LaTeX manual or LaTeX Companion for explanation.
Type  H <return>  for immediate help.
 ...                                              
                                                  
l.5 ...∞—è –≥—Ä–∞—Ñ–∏–∫–∞ –≤—ã—à–ª–∞ –Ω–∞ —Å–æ–≤–µ
                                                  —Ä—à–µ–Ω–Ω–æ –Ω–æ–≤—ã–π —É...

You may provide a definition with
\DeclareUnicodeCharacter 


! LaTeX Error: Unicode character —Ä (U+0440)
               not set up for use with LaTeX.

See the LaTeX manual or LaTeX Companion for explanation.
Type  H <return>  for immediate help.
 ...                                              
                                                  
l.5 ...è –≥—Ä–∞—Ñ–∏–∫–∞ –≤—ã—à–ª–∞ –Ω–∞ —Å–æ–≤–µ—Ä
                                                  —à–µ–Ω–Ω–æ –Ω–æ–≤—ã–π —É—Ä...

You may provide a definition with
\DeclareUnicodeCharacter 


! LaTeX Error: Unicode character —à (U+0448)
               not set up for use with LaTeX.

See the LaTeX manual or LaTeX Companion for explanation.
Type  H <return>  for immediate help.
 ...                                              
                                                  
l.5 ...–≥—Ä–∞—Ñ–∏–∫–∞ –≤—ã—à–ª–∞ –Ω–∞ —Å–æ–≤–µ—Ä—à
                                                  –µ–Ω–Ω–æ –Ω–æ–≤—ã–π —É—Ä–æ...

You may provide a definition with
\DeclareUnicodeCharacter 


! LaTeX Error: Unicode character –µ (U+0435)
               not set up for use with LaTeX.

See the LaTeX manual or LaTeX Companion for explanation.
Type  H <return>  for immediate help.
 ...                                              
                                                  
l.5 ...—Ä–∞—Ñ–∏–∫–∞ –≤—ã—à–ª–∞ –Ω–∞ —Å–æ–≤–µ—Ä—à–µ
                                                  –Ω–Ω–æ –Ω–æ–≤—ã–π —É—Ä–æ–≤...

You may provide a definition with
\DeclareUnicodeCharacter 


! LaTeX Error: Unicode character –Ω (U+043D)
               not set up for use with LaTeX.

See the LaTeX manual or LaTeX Companion for explanation.
Type  H <return>  for immediate help.
 ...                                              
                                                  
l.5 ...–∞—Ñ–∏–∫–∞ –≤—ã—à–ª–∞ –Ω–∞ —Å–æ–≤–µ—Ä—à–µ–Ω
                                                  –Ω–æ –Ω–æ–≤—ã–π —É—Ä–æ–≤–µ...

You may provide a definition with
\DeclareUnicodeCharacter 


! LaTeX Error: Unicode character –Ω (U+043D)
               not set up for use with LaTeX.

See the LaTeX manual or LaTeX Companion for explanation.
Type  H <return>  for immediate help.
 ...                                              
                                                  
l.5 ...—Ñ–∏–∫–∞ –≤—ã—à–ª–∞ –Ω–∞ —Å–æ–≤–µ—Ä—à–µ–Ω–Ω
                                                  –æ –Ω–æ–≤—ã–π —É—Ä–æ–≤–µ–Ω...

You may provide a definition with
\DeclareUnicodeCharacter 


! LaTeX Error: Unicode character –æ (U+043E)
               not set up for use with LaTeX.

See the LaTeX manual or LaTeX Companion for explanation.
Type  H <return>  for immediate help.
 ...                                              
                                                  
l.5 ...–∏–∫–∞ –≤—ã—à–ª–∞ –Ω–∞ —Å–æ–≤–µ—Ä—à–µ–Ω–Ω–æ
                                                   –Ω–æ–≤—ã–π —É—Ä–æ–≤–µ–Ω—å...

You may provide a definition with
\DeclareUnicodeCharacter 


! LaTeX Error: Unicode character –Ω (U+043D)
               not set up for use with LaTeX.

See the LaTeX manual or LaTeX Companion for explanation.
Type  H <return>  for immediate help.
 ...                                              
                                                  
l.5 ...∫–∞ –≤—ã—à–ª–∞ –Ω–∞ —Å–æ–≤–µ—Ä—à–µ–Ω–Ω–æ –Ω
                                                  –æ–≤—ã–π —É—Ä–æ–≤–µ–Ω—å, —...

You may provide a definition with
\DeclareUnicodeCharacter 


! LaTeX Error: Unicode character –æ (U+043E)
               not set up for use with LaTeX.

See the LaTeX manual or LaTeX Companion for explanation.
Type  H <return>  for immediate help.
 ...                                              
                                                  
l.5 ...∞ –≤—ã—à–ª–∞ –Ω–∞ —Å–æ–≤–µ—Ä—à–µ–Ω–Ω–æ –Ω–æ
                                                  –≤—ã–π —É—Ä–æ–≤–µ–Ω—å, —á—...

You may provide a definition with
\DeclareUnicodeCharacter 


! LaTeX Error: Unicode character –≤ (U+0432)
               not set up for use with LaTeX.

See the LaTeX manual or LaTeX Companion for explanation.
Type  H <return>  for immediate help.
 ...                                              
                                                  
l.5 ...–≤—ã—à–ª–∞ –Ω–∞ —Å–æ–≤–µ—Ä—à–µ–Ω–Ω–æ –Ω–æ–≤
                                                  —ã–π —É—Ä–æ–≤–µ–Ω—å, —á—Ç–...

You may provide a definition with
\DeclareUnicodeCharacter 


! LaTeX Error: Unicode character —ã (U+044B)
               not set up for use with LaTeX.

See the LaTeX manual or LaTeX Companion for explanation.
Type  H <return>  for immediate help.
 ...                                              
                                                  
l.5 ...—ã—à–ª–∞ –Ω–∞ —Å–æ–≤–µ—Ä—à–µ–Ω–Ω–æ –Ω–æ–≤—ã
                                                  –π —É—Ä–æ–≤–µ–Ω—å, —á—Ç–æ ...

You may provide a definition with
\DeclareUnicodeCharacter 


! LaTeX Error: Unicode character –π (U+0439)
               not set up for use with LaTeX.

See the LaTeX manual or LaTeX Companion for explanation.
Type  H <return>  for immediate help.
 ...                                              
                                                  
l.5 ...—à–ª–∞ –Ω–∞ —Å–æ–≤–µ—Ä—à–µ–Ω–Ω–æ –Ω–æ–≤—ã–π
                                                   —É—Ä–æ–≤–µ–Ω—å, —á—Ç–æ —Å...

You may provide a definition with
\DeclareUnicodeCharacter 


! LaTeX Error: Unicode character —É (U+0443)
               not set up for use with LaTeX.

See the LaTeX manual or LaTeX Companion for explanation.
Type  H <return>  for immediate help.
 ...                                              
                                                  
l.5 ...ª–∞ –Ω–∞ —Å–æ–≤–µ—Ä—à–µ–Ω–Ω–æ –Ω–æ–≤—ã–π —É
                                                  —Ä–æ–≤–µ–Ω—å, —á—Ç–æ —Å–≤—...

You may provide a definition with
\DeclareUnicodeCharacter 


! LaTeX Error: Unicode character —Ä (U+0440)
               not set up for use with LaTeX.

See the LaTeX manual or LaTeX Companion for explanation.
Type  H <return>  for immediate help.
 ...                                              
                                                  
l.5 ...∞ –Ω–∞ —Å–æ–≤–µ—Ä—à–µ–Ω–Ω–æ –Ω–æ–≤—ã–π —É—Ä
                                                  –æ–≤–µ–Ω—å, —á—Ç–æ —Å–≤—è–...

You may provide a definition with
\DeclareUnicodeCharacter 


! LaTeX Error: Unicode character –æ (U+043E)
               not set up for use with LaTeX.

See the LaTeX manual or LaTeX Companion for explanation.
Type  H <return>  for immediate help.
 ...                                              
                                                  
l.5 ...–Ω–∞ —Å–æ–≤–µ—Ä—à–µ–Ω–Ω–æ –Ω–æ–≤—ã–π —É—Ä–æ
                                                  –≤–µ–Ω—å, —á—Ç–æ —Å–≤—è–∑–...

You may provide a definition with
\DeclareUnicodeCharacter 


! LaTeX Error: Unicode character –≤ (U+0432)
               not set up for use with LaTeX.

See the LaTeX manual or LaTeX Companion for explanation.
Type  H <return>  for immediate help.
 ...                                              
                                                  
l.5 ...–∞ —Å–æ–≤–µ—Ä—à–µ–Ω–Ω–æ –Ω–æ–≤—ã–π —É—Ä–æ–≤
                                                  –µ–Ω—å, —á—Ç–æ —Å–≤—è–∑–∞–...

You may provide a definition with
\DeclareUnicodeCharacter 


! LaTeX Error: Unicode character –µ (U+0435)
               not set up for use with LaTeX.

See the LaTeX manual or LaTeX Companion for explanation.
Type  H <return>  for immediate help.
 ...                                              
                                                  
l.5 ... —Å–æ–≤–µ—Ä—à–µ–Ω–Ω–æ –Ω–æ–≤—ã–π —É—Ä–æ–≤–µ
                                                  –Ω—å, —á—Ç–æ —Å–≤—è–∑–∞–Ω–...

You may provide a definition with
\DeclareUnicodeCharacter 


! LaTeX Error: Unicode character –Ω (U+043D)
               not set up for use with LaTeX.

See the LaTeX manual or LaTeX Companion for explanation.
Type  H <return>  for immediate help.
 ...                                              
                                                  
l.5 ...Å–æ–≤–µ—Ä—à–µ–Ω–Ω–æ –Ω–æ–≤—ã–π —É—Ä–æ–≤–µ–Ω
                                                  —å, —á—Ç–æ —Å–≤—è–∑–∞–Ω–æ ...

You may provide a definition with
\DeclareUnicodeCharacter 


! LaTeX Error: Unicode character —å (U+044C)
               not set up for use with LaTeX.

See the LaTeX manual or LaTeX Companion for explanation.
Type  H <return>  for immediate help.
 ...                                              
                                                  
l.5 ...æ–≤–µ—Ä—à–µ–Ω–Ω–æ –Ω–æ–≤—ã–π —É—Ä–æ–≤–µ–Ω—å
                                                  , —á—Ç–æ —Å–≤—è–∑–∞–Ω–æ —Å...

You may provide a definition with
\DeclareUnicodeCharacter 

Missing character: There is no , in font nullfont!

! LaTeX Error: Unicode character —á (U+0447)
               not set up for use with LaTeX.

See the LaTeX manual or LaTeX Companion for explanation.
Type  H <return>  for immediate help.
 ...                                              
                                                  
l.5 ...µ—Ä—à–µ–Ω–Ω–æ –Ω–æ–≤—ã–π —É—Ä–æ–≤–µ–Ω—å, —á
                                                  —Ç–æ —Å–≤—è–∑–∞–Ω–æ —Å –µ–...

You may provide a definition with
\DeclareUnicodeCharacter 


! LaTeX Error: Unicode character —Ç (U+0442)
               not set up for use with LaTeX.

See the LaTeX manual or LaTeX Companion for explanation.
Type  H <return>  for immediate help.
 ...                                              
                                                  
l.5 ...Ä—à–µ–Ω–Ω–æ –Ω–æ–≤—ã–π —É—Ä–æ–≤–µ–Ω—å, —á—Ç
                                                  –æ —Å–≤—è–∑–∞–Ω–æ —Å –µ–µ ...

You may provide a definition with
\DeclareUnicodeCharacter 


! LaTeX Error: Unicode character –æ (U+043E)
               not set up for use with LaTeX.

See the LaTeX manual or LaTeX Companion for explanation.
Type  H <return>  for immediate help.
 ...                                              
                                                  
l.5 ...à–µ–Ω–Ω–æ –Ω–æ–≤—ã–π —É—Ä–æ–≤–µ–Ω—å, —á—Ç–æ
                                                   —Å–≤—è–∑–∞–Ω–æ —Å –µ–µ –≤...

You may provide a definition with
\DeclareUnicodeCharacter 


! LaTeX Error: Unicode character —Å (U+0441)
               not set up for use with LaTeX.

See the LaTeX manual or LaTeX Companion for explanation.
Type  H <return>  for immediate help.
 ...                                              
                                                  
l.5 ...–Ω–Ω–æ –Ω–æ–≤—ã–π —É—Ä–æ–≤–µ–Ω—å, —á—Ç–æ —Å
                                                  –≤—è–∑–∞–Ω–æ —Å –µ–µ –≤—ã—...

You may provide a definition with
\DeclareUnicodeCharacter 


! LaTeX Error: Unicode character –≤ (U+0432)
               not set up for use with LaTeX.

See the LaTeX manual or LaTeX Companion for explanation.
Type  H <return>  for immediate help.
 ...                                              
                                                  
l.5 ...–Ω–æ –Ω–æ–≤—ã–π —É—Ä–æ–≤–µ–Ω—å, —á—Ç–æ —Å–≤
                                                  —è–∑–∞–Ω–æ —Å –µ–µ –≤—ã—Å–...

You may provide a definition with
\DeclareUnicodeCharacter 


! LaTeX Error: Unicode character —è (U+044F)
               not set up for use with LaTeX.

See the LaTeX manual or LaTeX Companion for explanation.
Type  H <return>  for immediate help.
 ...                                              
                                                  
l.5 ...–æ –Ω–æ–≤—ã–π —É—Ä–æ–≤–µ–Ω—å, —á—Ç–æ —Å–≤—è
                                                  –∑–∞–Ω–æ —Å –µ–µ –≤—ã—Å–æ–...

You may provide a definition with
\DeclareUnicodeCharacter 


! LaTeX Error: Unicode character –∑ (U+0437)
               not set up for use with LaTeX.

See the LaTeX manual or LaTeX Companion for explanation.
Type  H <return>  for immediate help.
 ...                                              
                                                  
l.5 ... –Ω–æ–≤—ã–π —É—Ä–æ–≤–µ–Ω—å, —á—Ç–æ —Å–≤—è–∑
                                                  –∞–Ω–æ —Å –µ–µ –≤—ã—Å–æ–∫–...

You may provide a definition with
\DeclareUnicodeCharacter 


! LaTeX Error: Unicode character –∞ (U+0430)
               not set up for use with LaTeX.

See the LaTeX manual or LaTeX Companion for explanation.
Type  H <return>  for immediate help.
 ...                                              
                                                  
l.5 ...Ω–æ–≤—ã–π —É—Ä–æ–≤–µ–Ω—å, —á—Ç–æ —Å–≤—è–∑–∞
                                                  –Ω–æ —Å –µ–µ –≤—ã—Å–æ–∫–æ–...

You may provide a definition with
\DeclareUnicodeCharacter 


! LaTeX Error: Unicode character –Ω (U+043D)
               not set up for use with LaTeX.

See the LaTeX manual or LaTeX Companion for explanation.
Type  H <return>  for immediate help.
 ...                                              
                                                  
l.5 ...æ–≤—ã–π —É—Ä–æ–≤–µ–Ω—å, —á—Ç–æ —Å–≤—è–∑–∞–Ω
                                                  –æ —Å –µ–µ –≤—ã—Å–æ–∫–æ–π ...

You may provide a definition with
\DeclareUnicodeCharacter 


! LaTeX Error: Unicode character –æ (U+043E)
               not set up for use with LaTeX.

See the LaTeX manual or LaTeX Companion for explanation.
Type  H <return>  for immediate help.
 ...                                              
                                                  
l.5 ...≤—ã–π —É—Ä–æ–≤–µ–Ω—å, —á—Ç–æ —Å–≤—è–∑–∞–Ω–æ
                                                   —Å –µ–µ –≤—ã—Å–æ–∫–æ–π –≤...

You may provide a definition with
\DeclareUnicodeCharacter 


! LaTeX Error: Unicode character —Å (U+0441)
               not set up for use with LaTeX.

See the LaTeX manual or LaTeX Companion for explanation.
Type  H <return>  for immediate help.
 ...                                              
                                                  
l.5 ...–π —É—Ä–æ–≤–µ–Ω—å, —á—Ç–æ —Å–≤—è–∑–∞–Ω–æ —Å
                                                   –µ–µ –≤—ã—Å–æ–∫–æ–π –≤–æ—...

You may provide a definition with
\DeclareUnicodeCharacter 


! LaTeX Error: Unicode character –µ (U+0435)
               not set up for use with LaTeX.

See the LaTeX manual or LaTeX Companion for explanation.
Type  H <return>  for immediate help.
 ...                                              
                                                  
l.5 ...—É—Ä–æ–≤–µ–Ω—å, —á—Ç–æ —Å–≤—è–∑–∞–Ω–æ —Å –µ
                                                  –µ –≤—ã—Å–æ–∫–æ–π –≤–æ—Å—Ç...

You may provide a definition with
\DeclareUnicodeCharacter 


! LaTeX Error: Unicode character –µ (U+0435)
               not set up for use with LaTeX.

See the LaTeX manual or LaTeX Companion for explanation.
Type  H <return>  for immediate help.
 ...                                              
                                                  
l.5 ...—Ä–æ–≤–µ–Ω—å, —á—Ç–æ —Å–≤—è–∑–∞–Ω–æ —Å –µ–µ
                                                   –≤—ã—Å–æ–∫–æ–π –≤–æ—Å—Ç—Ä...

You may provide a definition with
\DeclareUnicodeCharacter 


! LaTeX Error: Unicode character –≤ (U+0432)
               not set up for use with LaTeX.

See the LaTeX manual or LaTeX Companion for explanation.
Type  H <return>  for immediate help.
 ...                                              
                                                  
l.5 ...æ–≤–µ–Ω—å, —á—Ç–æ —Å–≤—è–∑–∞–Ω–æ —Å –µ–µ –≤
                                                  —ã—Å–æ–∫–æ–π –≤–æ—Å—Ç—Ä–µ–...

You may provide a definition with
\DeclareUnicodeCharacter 


! LaTeX Error: Unicode character —ã (U+044B)
               not set up for use with LaTeX.

See the LaTeX manual or LaTeX Companion for explanation.
Type  H <return>  for immediate help.
 ...                                              
                                                  
l.5 ...≤–µ–Ω—å, —á—Ç–æ —Å–≤—è–∑–∞–Ω–æ —Å –µ–µ –≤—ã
                                                  —Å–æ–∫–æ–π –≤–æ—Å—Ç—Ä–µ–±–...

You may provide a definition with
\DeclareUnicodeCharacter 


! LaTeX Error: Unicode character —Å (U+0441)
               not set up for use with LaTeX.

See the LaTeX manual or LaTeX Companion for explanation.
Type  H <return>  for immediate help.
 ...                                              
                                                  
l.5 ...µ–Ω—å, —á—Ç–æ —Å–≤—è–∑–∞–Ω–æ —Å –µ–µ –≤—ã—Å
                                                  –æ–∫–æ–π –≤–æ—Å—Ç—Ä–µ–±–æ–...

You may provide a definition with
\DeclareUnicodeCharacter 


! LaTeX Error: Unicode character –æ (U+043E)
               not set up for use with LaTeX.

See the LaTeX manual or LaTeX Companion for explanation.
Type  H <return>  for immediate help.
 ...                                              
                                                  
l.5 ...Ω—å, —á—Ç–æ —Å–≤—è–∑–∞–Ω–æ —Å –µ–µ –≤—ã—Å–æ
                                                  –∫–æ–π –≤–æ—Å—Ç—Ä–µ–±–æ–≤–...

You may provide a definition with
\DeclareUnicodeCharacter 


! LaTeX Error: Unicode character –∫ (U+043A)
               not set up for use with LaTeX.

See the LaTeX manual or LaTeX Companion for explanation.
Type  H <return>  for immediate help.
 ...                                              
                                                  
l.5 ...å, —á—Ç–æ —Å–≤—è–∑–∞–Ω–æ —Å –µ–µ –≤—ã—Å–æ–∫
                                                  –æ–π –≤–æ—Å—Ç—Ä–µ–±–æ–≤–∞–...

You may provide a definition with
\DeclareUnicodeCharacter 


! LaTeX Error: Unicode character –æ (U+043E)
               not set up for use with LaTeX.

See the LaTeX manual or LaTeX Companion for explanation.
Type  H <return>  for immediate help.
 ...                                              
                                                  
l.5 ... —á—Ç–æ —Å–≤—è–∑–∞–Ω–æ —Å –µ–µ –≤—ã—Å–æ–∫–æ
                                                  –π –≤–æ—Å—Ç—Ä–µ–±–æ–≤–∞–Ω–...

You may provide a definition with
\DeclareUnicodeCharacter 


! LaTeX Error: Unicode character –π (U+0439)
               not set up for use with LaTeX.

See the LaTeX manual or LaTeX Companion for explanation.
Type  H <return>  for immediate help.
 ...                                              
                                                  
l.5 ...á—Ç–æ —Å–≤—è–∑–∞–Ω–æ —Å –µ–µ –≤—ã—Å–æ–∫–æ–π
                                                   –≤–æ—Å—Ç—Ä–µ–±–æ–≤–∞–Ω–Ω–...

You may provide a definition with
\DeclareUnicodeCharacter 


! LaTeX Error: Unicode character –≤ (U+0432)
               not set up for use with LaTeX.

See the LaTeX manual or LaTeX Companion for explanation.
Type  H <return>  for immediate help.
 ...                                              
                                                  
l.5 ...–æ —Å–≤—è–∑–∞–Ω–æ —Å –µ–µ –≤—ã—Å–æ–∫–æ–π –≤
                                                  –æ—Å—Ç—Ä–µ–±–æ–≤–∞–Ω–Ω–æ—Å...

You may provide a definition with
\DeclareUnicodeCharacter 


! LaTeX Error: Unicode character –æ (U+043E)
               not set up for use with LaTeX.

See the LaTeX manual or LaTeX Companion for explanation.
Type  H <return>  for immediate help.
 ...                                              
                                                  
l.5 ... —Å–≤—è–∑–∞–Ω–æ —Å –µ–µ –≤—ã—Å–æ–∫–æ–π –≤–æ
                                                  —Å—Ç—Ä–µ–±–æ–≤–∞–Ω–Ω–æ—Å—Ç...

You may provide a definition with
\DeclareUnicodeCharacter 


! LaTeX Error: Unicode character —Å (U+0441)
               not set up for use with LaTeX.

See the LaTeX manual or LaTeX Companion for explanation.
Type  H <return>  for immediate help.
 ...                                              
                                                  
l.5 ...Å–≤—è–∑–∞–Ω–æ —Å –µ–µ –≤—ã—Å–æ–∫–æ–π –≤–æ—Å
                                                  —Ç—Ä–µ–±–æ–≤–∞–Ω–Ω–æ—Å—Ç—å...

You may provide a definition with
\DeclareUnicodeCharacter 


! LaTeX Error: Unicode character —Ç (U+0442)
               not set up for use with LaTeX.

See the LaTeX manual or LaTeX Companion for explanation.
Type  H <return>  for immediate help.
 ...                                              
                                                  
l.5 ...≤—è–∑–∞–Ω–æ —Å –µ–µ –≤—ã—Å–æ–∫–æ–π –≤–æ—Å—Ç
                                                  —Ä–µ–±–æ–≤–∞–Ω–Ω–æ—Å—Ç—å—é...

You may provide a definition with
\DeclareUnicodeCharacter 


! LaTeX Error: Unicode character —Ä (U+0440)
               not set up for use with LaTeX.

See the LaTeX manual or LaTeX Companion for explanation.
Type  H <return>  for immediate help.
 ...                                              
                                                  
l.5 ...è–∑–∞–Ω–æ —Å –µ–µ –≤—ã—Å–æ–∫–æ–π –≤–æ—Å—Ç—Ä
                                                  –µ–±–æ–≤–∞–Ω–Ω–æ—Å—Ç—å—é –...

You may provide a definition with
\DeclareUnicodeCharacter 


! LaTeX Error: Unicode character –µ (U+0435)
               not set up for use with LaTeX.

See the LaTeX manual or LaTeX Companion for explanation.
Type  H <return>  for immediate help.
 ...                                              
                                                  
l.5 ...∑–∞–Ω–æ —Å –µ–µ –≤—ã—Å–æ–∫–æ–π –≤–æ—Å—Ç—Ä–µ
                                                  –±–æ–≤–∞–Ω–Ω–æ—Å—Ç—å—é –≤ ...

You may provide a definition with
\DeclareUnicodeCharacter 


! LaTeX Error: Unicode character –± (U+0431)
               not set up for use with LaTeX.

See the LaTeX manual or LaTeX Companion for explanation.
Type  H <return>  for immediate help.
 ...                                              
                                                  
l.5 ...∞–Ω–æ —Å –µ–µ –≤—ã—Å–æ–∫–æ–π –≤–æ—Å—Ç—Ä–µ–±
                                                  –æ–≤–∞–Ω–Ω–æ—Å—Ç—å—é –≤ –æ...

You may provide a definition with
\DeclareUnicodeCharacter 


! LaTeX Error: Unicode character –æ (U+043E)
               not set up for use with LaTeX.

See the LaTeX manual or LaTeX Companion for explanation.
Type  H <return>  for immediate help.
 ...                                              
                                                  
l.5 ...Ω–æ —Å –µ–µ –≤—ã—Å–æ–∫–æ–π –≤–æ—Å—Ç—Ä–µ–±–æ
                                                  –≤–∞–Ω–Ω–æ—Å—Ç—å—é –≤ –æ–±...

You may provide a definition with
\DeclareUnicodeCharacter 


! LaTeX Error: Unicode character –≤ (U+0432)
               not set up for use with LaTeX.

See the LaTeX manual or LaTeX Companion for explanation.
Type  H <return>  for immediate help.
 ...                                              
                                                  
l.5 ...æ —Å –µ–µ –≤—ã—Å–æ–∫–æ–π –≤–æ—Å—Ç—Ä–µ–±–æ–≤
                                                  –∞–Ω–Ω–æ—Å—Ç—å—é –≤ –æ–±–ª...

You may provide a definition with
\DeclareUnicodeCharacter 


! LaTeX Error: Unicode character –∞ (U+0430)
               not set up for use with LaTeX.

See the LaTeX manual or LaTeX Companion for explanation.
Type  H <return>  for immediate help.
 ...                                              
                                                  
l.5 ...—Å –µ–µ –≤—ã—Å–æ–∫–æ–π –≤–æ—Å—Ç—Ä–µ–±–æ–≤–∞
                                                  –Ω–Ω–æ—Å—Ç—å—é –≤ –æ–±–ª–∞...

You may provide a definition with
\DeclareUnicodeCharacter 


! LaTeX Error: Unicode character –Ω (U+043D)
               not set up for use with LaTeX.

See the LaTeX manual or LaTeX Companion for explanation.
Type  H <return>  for immediate help.
 ...                                              
                                                  
l.5 ... –µ–µ –≤—ã—Å–æ–∫–æ–π –≤–æ—Å—Ç—Ä–µ–±–æ–≤–∞–Ω
                                                  –Ω–æ—Å—Ç—å—é –≤ –æ–±–ª–∞—Å...

You may provide a definition with
\DeclareUnicodeCharacter 


! LaTeX Error: Unicode character –Ω (U+043D)
               not set up for use with LaTeX.

See the LaTeX manual or LaTeX Companion for explanation.
Type  H <return>  for immediate help.
 ...                                              
                                                  
l.5 ...µ–µ –≤—ã—Å–æ–∫–æ–π –≤–æ—Å—Ç—Ä–µ–±–æ–≤–∞–Ω–Ω
                                                  –æ—Å—Ç—å—é –≤ –æ–±–ª–∞—Å—Ç...

You may provide a definition with
\DeclareUnicodeCharacter 


! LaTeX Error: Unicode character –æ (U+043E)
               not set up for use with LaTeX.

See the LaTeX manual or LaTeX Companion for explanation.
Type  H <return>  for immediate help.
 ...                                              
                                                  
l.5 ...µ –≤—ã—Å–æ–∫–æ–π –≤–æ—Å—Ç—Ä–µ–±–æ–≤–∞–Ω–Ω–æ
                                                  —Å—Ç—å—é –≤ –æ–±–ª–∞—Å—Ç–∏...

You may provide a definition with
\DeclareUnicodeCharacter 


! LaTeX Error: Unicode character —Å (U+0441)
               not set up for use with LaTeX.

See the LaTeX manual or LaTeX Companion for explanation.
Type  H <return>  for immediate help.
 ...                                              
                                                  
l.5 ...–≤—ã—Å–æ–∫–æ–π –≤–æ—Å—Ç—Ä–µ–±–æ–≤–∞–Ω–Ω–æ—Å
                                                  —Ç—å—é –≤ –æ–±–ª–∞—Å—Ç–∏ –...

You may provide a definition with
\DeclareUnicodeCharacter 


! LaTeX Error: Unicode character —Ç (U+0442)
               not set up for use with LaTeX.

See the LaTeX manual or LaTeX Companion for explanation.
Type  H <return>  for immediate help.
 ...                                              
                                                  
l.5 ...—ã—Å–æ–∫–æ–π –≤–æ—Å—Ç—Ä–µ–±–æ–≤–∞–Ω–Ω–æ—Å—Ç
                                                  —å—é –≤ –æ–±–ª–∞—Å—Ç–∏ –∏–...
(That makes 100 errors; please try again.) 
Here is how much of TeX's memory you used:
 44 strings out of 478268
 697 string characters out of 5846348
 289381 words of memory out of 5000000
 18352 multiletter control sequences out of 15000+600000
 469259 words of font info for 28 fonts, out of 8000000 for 9000
 1141 hyphenation exceptions out of 8191
 13i,0n,12p,1096b,22s stack positions out of 10000i,1000n,20000p,200000b,200000s

!  ==> Fatal error occurred, no output PDF file produced!
